#
# A fatal error has been detected by the Java Runtime Environment:
#
#  EXCEPTION_ACCESS_VIOLATION (0xc0000005) at pc=0x5bdf6883, pid=3456, tid=4492
#
# JRE version: Java(TM) SE Runtime Environment (7.0_45-b18) (build 1.7.0_45-b18)
# Java VM: Java HotSpot(TM) Client VM (24.45-b08 mixed mode, sharing windows-x86 )
# Problematic frame:
# C  [Twain_32.dll+0x6883]
#
# Failed to write core dump. Minidumps are not enabled by default on client versions of Windows
#
# If you would like to submit a bug report, please visit:
#   http://bugreport.sun.com/bugreport/crash.jsp
# The crash happened outside the Java Virtual Machine in native code.
# See problematic frame for where to report the bug.
#

---------------  T H R E A D  ---------------

Current thread (0x045a7c00):  JavaThread "AWT-EventQueue-0" [_thread_in_native, id=4492, stack(0x03630000,0x03680000)]

siginfo: ExceptionCode=0xc0000005, reading address 0x05aa38ac

Registers:
EAX=0x001f3bd8, EBX=0x049b019c, ECX=0x05aa38ac, EDX=0x059512c0
ESP=0x0367c1cc, EBP=0x0367c1e0, ESI=0x001efdd0, EDI=0x0367caa8
EIP=0x5bdf6883, EFLAGS=0x00210202

Top of Stack: (sp=0x0367c1cc)
0x0367c1cc:   0367caa8 00000001 00000000 5bdf6ddb
0x0367c1dc:   001efdd0 0367c1f4 5bdf6f92 0367c20c
0x0367c1ec:   05953e48 059512c0 0367c220 5bdf8fcc
0x0367c1fc:   0367c20c 0367cac0 0367c240 3442a720
0x0367c20c:   059512c0 05953e48 00000001 06010002
0x0367c21c:   0367caa8 0367c254 52f4e22a 059512c0
0x0367c22c:   05950000 00000001 00000002 00000601
0x0367c23c:   0367caa8 0367c27c cccccccc cccccccc 

Instructions: (pc=0x5bdf6883)
0x5bdf6863:   6a 02 58 66 89 81 c4 00 00 00 33 c0 40 eb 37 8b
0x5bdf6873:   48 04 85 c9 74 1e 83 38 00 74 19 8b 56 04 8b 12
0x5bdf6883:   8b 09 53 3b 0a 74 23 ff 15 84 10 df 5b 53 ff 15
0x5bdf6893:   a0 10 df 5b 8b 15 28 c0 df 5b 33 c0 40 8b c8 66 


Register to memory mapping:

EAX=0x001f3bd8 is an unknown value
EBX=0x049b019c is an unknown value
ECX=0x05aa38ac is an unknown value
EDX=0x059512c0 is an unknown value
ESP=0x0367c1cc is pointing into the stack for thread: 0x045a7c00
EBP=0x0367c1e0 is pointing into the stack for thread: 0x045a7c00
ESI=0x001efdd0 is an unknown value
EDI=0x0367caa8 is pointing into the stack for thread: 0x045a7c00


Stack: [0x03630000,0x03680000],  sp=0x0367c1cc,  free space=304k
Native frames: (J=compiled Java code, j=interpreted, Vv=VM code, C=native code)
C  [Twain_32.dll+0x6883]
C  [Twain_32.dll+0x6f92]
C  [Twain_32.dll+0x8fcc]
C  [twain_604000c.dll+0x2e22a]
C  [twain_604000c.dll+0x30793]
C  [twain_604000c.dll+0x30fc2]
C  [twain_604000c.dll+0x532c]
j  SK.gnome.twain.TwainSource.acquireImage(Z[Ljava/awt/image/ImageConsumer;)V+0
j  SK.gnome.twain.TwainSource.startProduction(Ljava/awt/image/ImageConsumer;)V+30
j  SK.gnome.morena.MorenaImage.<init>(Ljava/awt/image/ImageProducer;)V+17
j  com.scannerapp.apps.desktoprightpanel.scanner6.DocumentScanner.scanDocument(LSK/gnome/twain/TwainSource;I)V+29
j  com.scannerapp.apps.desktoprightpanel.view.ImportSaparationPanel.startDocumentScanning(Lcom/scannerapp/shared/NodeProperties;LSK/gnome/twain/TwainSource;)V+29
j  com.scannerapp.apps.desktoprightpanel.view.ImportSaparationPanel.importImageFromScanner(Lcom/scannerapp/apps/desktopleftpanel/view/CustomMutableTreeNode;)V+134
j  com.scannerapp.apps.desktoprightpanel.view.ImportSaparationPanel.actionPerformed(Ljava/awt/event/ActionEvent;)V+235
j  javax.swing.AbstractButton.fireActionPerformed(Ljava/awt/event/ActionEvent;)V+84
j  javax.swing.AbstractButton$Handler.actionPerformed(Ljava/awt/event/ActionEvent;)V+5
j  javax.swing.DefaultButtonModel.fireActionPerformed(Ljava/awt/event/ActionEvent;)V+35
j  javax.swing.DefaultButtonModel.setPressed(Z)V+117
j  javax.swing.plaf.basic.BasicButtonListener.mouseReleased(Ljava/awt/event/MouseEvent;)V+35
j  java.awt.AWTEventMulticaster.mouseReleased(Ljava/awt/event/MouseEvent;)V+8
j  java.awt.Component.processMouseEvent(Ljava/awt/event/MouseEvent;)V+64
j  javax.swing.JComponent.processMouseEvent(Ljava/awt/event/MouseEvent;)V+23
J  java.awt.Component.processEvent(Ljava/awt/AWTEvent;)V
J  java.awt.Component.dispatchEventImpl(Ljava/awt/AWTEvent;)V
V  [jvm.dll+0x13f1fa]
V  [jvm.dll+0x202aee]
V  [jvm.dll+0x13f27d]
V  [jvm.dll+0xfa85a]
C  [java.dll+0x102f]
J  java.security.ProtectionDomain$1.doIntersectionPrivilege(Ljava/security/PrivilegedAction;Ljava/security/AccessControlContext;Ljava/security/AccessControlContext;)Ljava/lang/Object;
V  [jvm.dll+0x13f1fa]
V  [jvm.dll+0x202aee]
V  [jvm.dll+0x13f27d]
V  [jvm.dll+0xfa85a]
C  [java.dll+0x102f]
J  java.awt.EventQueue.dispatchEvent(Ljava/awt/AWTEvent;)V
j  java.awt.EventDispatchThread.pumpEventsForHierarchy(ILjava/awt/Conditional;Ljava/awt/Component;)V+11
j  java.awt.EventDispatchThread.pumpEvents(ILjava/awt/Conditional;)V+4
j  java.awt.EventDispatchThread.pumpEvents(Ljava/awt/Conditional;)V+3
j  java.awt.EventDispatchThread.run()V+9
v  ~StubRoutines::call_stub
V  [jvm.dll+0x13f1fa]
V  [jvm.dll+0x202aee]
V  [jvm.dll+0x13f3c5]
V  [jvm.dll+0x13f427]
V  [jvm.dll+0xeb81f]
V  [jvm.dll+0x16042c]
V  [jvm.dll+0x160e67]
V  [jvm.dll+0x1a49f9]
C  [msvcr100.dll+0x5c556]
C  [msvcr100.dll+0x5c600]
C  [kernel32.dll+0x4ed5c]
C  [ntdll.dll+0x637eb]
C  [ntdll.dll+0x637be]

Java frames: (J=compiled Java code, j=interpreted, Vv=VM code)
j  SK.gnome.twain.TwainSource.acquireImage(Z[Ljava/awt/image/ImageConsumer;)V+0
j  SK.gnome.twain.TwainSource.startProduction(Ljava/awt/image/ImageConsumer;)V+30
j  SK.gnome.morena.MorenaImage.<init>(Ljava/awt/image/ImageProducer;)V+17
j  com.scannerapp.apps.desktoprightpanel.scanner6.DocumentScanner.scanDocument(LSK/gnome/twain/TwainSource;I)V+29
j  com.scannerapp.apps.desktoprightpanel.view.ImportSaparationPanel.startDocumentScanning(Lcom/scannerapp/shared/NodeProperties;LSK/gnome/twain/TwainSource;)V+29
j  com.scannerapp.apps.desktoprightpanel.view.ImportSaparationPanel.importImageFromScanner(Lcom/scannerapp/apps/desktopleftpanel/view/CustomMutableTreeNode;)V+134
j  com.scannerapp.apps.desktoprightpanel.view.ImportSaparationPanel.actionPerformed(Ljava/awt/event/ActionEvent;)V+235
j  javax.swing.AbstractButton.fireActionPerformed(Ljava/awt/event/ActionEvent;)V+84
j  javax.swing.AbstractButton$Handler.actionPerformed(Ljava/awt/event/ActionEvent;)V+5
j  javax.swing.DefaultButtonModel.fireActionPerformed(Ljava/awt/event/ActionEvent;)V+35
j  javax.swing.DefaultButtonModel.setPressed(Z)V+117
j  javax.swing.plaf.basic.BasicButtonListener.mouseReleased(Ljava/awt/event/MouseEvent;)V+35
j  java.awt.AWTEventMulticaster.mouseReleased(Ljava/awt/event/MouseEvent;)V+8
j  java.awt.Component.processMouseEvent(Ljava/awt/event/MouseEvent;)V+64
j  javax.swing.JComponent.processMouseEvent(Ljava/awt/event/MouseEvent;)V+23
J  java.awt.Component.processEvent(Ljava/awt/AWTEvent;)V
j  java.awt.Container.processEvent(Ljava/awt/AWTEvent;)V+18
J  java.awt.Component.dispatchEventImpl(Ljava/awt/AWTEvent;)V
J  java.awt.Container.dispatchEventImpl(Ljava/awt/AWTEvent;)V
J  java.awt.LightweightDispatcher.retargetMouseEvent(Ljava/awt/Component;ILjava/awt/event/MouseEvent;)V
J  java.awt.LightweightDispatcher.processMouseEvent(Ljava/awt/event/MouseEvent;)Z
J  java.awt.LightweightDispatcher.dispatchEvent(Ljava/awt/AWTEvent;)Z
J  java.awt.Container.dispatchEventImpl(Ljava/awt/AWTEvent;)V
J  java.awt.Window.dispatchEventImpl(Ljava/awt/AWTEvent;)V
J  java.awt.EventQueue.dispatchEventImpl(Ljava/awt/AWTEvent;Ljava/lang/Object;)V
J  java.awt.EventQueue$3.run()Ljava/lang/Object;
v  ~StubRoutines::call_stub
J  java.security.AccessController.doPrivileged(Ljava/security/PrivilegedAction;Ljava/security/AccessControlContext;)Ljava/lang/Object;
J  java.security.ProtectionDomain$1.doIntersectionPrivilege(Ljava/security/PrivilegedAction;Ljava/security/AccessControlContext;Ljava/security/AccessControlContext;)Ljava/lang/Object;
J  java.awt.EventQueue$4.run()Ljava/lang/Object;
v  ~StubRoutines::call_stub
J  java.security.AccessController.doPrivileged(Ljava/security/PrivilegedAction;Ljava/security/AccessControlContext;)Ljava/lang/Object;
J  java.awt.EventQueue.dispatchEvent(Ljava/awt/AWTEvent;)V
J  java.awt.EventDispatchThread.pumpOneEventForFilters(I)V
j  java.awt.EventDispatchThread.pumpEventsForFilter(ILjava/awt/Conditional;Ljava/awt/EventFilter;)V+35
j  java.awt.EventDispatchThread.pumpEventsForHierarchy(ILjava/awt/Conditional;Ljava/awt/Component;)V+11
j  java.awt.EventDispatchThread.pumpEvents(ILjava/awt/Conditional;)V+4
j  java.awt.EventDispatchThread.pumpEvents(Ljava/awt/Conditional;)V+3
j  java.awt.EventDispatchThread.run()V+9
v  ~StubRoutines::call_stub

---------------  P R O C E S S  ---------------

Java Threads: ( => current thread )
  0x04599400 JavaThread "Keep-Alive-Timer" daemon [_thread_blocked, id=1928, stack(0x05a10000,0x05a60000)]
  0x003ed000 JavaThread "DestroyJavaVM" [_thread_blocked, id=6032, stack(0x012d0000,0x01320000)]
=>0x045a7c00 JavaThread "AWT-EventQueue-0" [_thread_in_native, id=4492, stack(0x03630000,0x03680000)]
  0x045e1c00 JavaThread "AWT-Shutdown" [_thread_blocked, id=2808, stack(0x041d0000,0x04220000)]
  0x03a2d000 JavaThread "TimerQueue" daemon [_thread_blocked, id=5140, stack(0x04860000,0x048b0000)]
  0x03b2e800 JavaThread "AWT-Windows" daemon [_thread_in_native, id=5864, stack(0x03ed0000,0x03f20000)]
  0x03b27000 JavaThread "Java2D Disposer" daemon [_thread_blocked, id=4564, stack(0x04250000,0x042a0000)]
  0x011e2400 JavaThread "Service Thread" daemon [_thread_blocked, id=2256, stack(0x03810000,0x03860000)]
  0x011d4c00 JavaThread "C1 CompilerThread0" daemon [_thread_blocked, id=1180, stack(0x037b0000,0x03800000)]
  0x011d3800 JavaThread "Attach Listener" daemon [_thread_blocked, id=4148, stack(0x036a0000,0x036f0000)]
  0x011d0800 JavaThread "Signal Dispatcher" daemon [_thread_blocked, id=6092, stack(0x03490000,0x034e0000)]
  0x01166c00 JavaThread "Finalizer" daemon [_thread_blocked, id=4184, stack(0x03720000,0x03770000)]
  0x01161800 JavaThread "Reference Handler" daemon [_thread_blocked, id=4980, stack(0x03530000,0x03580000)]

Other Threads:
  0x01160400 VMThread [stack: 0x035d0000,0x03620000] [id=2664]
  0x011f4400 WatcherThread [stack: 0x039a0000,0x039f0000] [id=4936]

VM state:not at safepoint (normal execution)

VM Mutex/Monitor currently owned by a thread: None

Heap
 def new generation   total 54144K, used 35082K [0x23e50000, 0x27910000, 0x293a0000)
  eden space 48128K,  72% used [0x23e50000, 0x26092a28, 0x26d50000)
  from space 6016K,   0% used [0x26d50000, 0x26d50000, 0x27330000)
  to   space 6016K,   0% used [0x27330000, 0x27330000, 0x27910000)
 tenured generation   total 120200K, used 72118K [0x293a0000, 0x30902000, 0x33e50000)
   the space 120200K,  59% used [0x293a0000, 0x2da0da38, 0x2da0dc00, 0x30902000)
 compacting perm gen  total 12288K, used 6346K [0x33e50000, 0x34a50000, 0x37e50000)
   the space 12288K,  51% used [0x33e50000, 0x344828c0, 0x34482a00, 0x34a50000)
    ro space 10240K,  44% used [0x37e50000, 0x382c7808, 0x382c7a00, 0x38850000)
    rw space 12288K,  52% used [0x38850000, 0x38e9e610, 0x38e9e800, 0x39450000)

Card table byte_map: [0x013a0000,0x01450000] byte_map_base: 0x01280d80

Polling page: 0x00170000

Code Cache  [0x01490000, 0x01700000, 0x03490000)
 total_blobs=1437 nmethods=1203 adapters=170 free_code_cache=30298Kb largest_free_block=31023168

Compilation events (10 events):
Event: 3587.683 Thread 0x011d4c00 1221             java.nio.Buffer::position (5 bytes)
Event: 3587.683 Thread 0x011d4c00 nmethod 1221 0x016f6fc8 code [0x016f70c0, 0x016f7140]
Event: 3587.686 Thread 0x011d4c00 1222             org.apache.log4j.helpers.PatternConverter::format (127 bytes)
Event: 3587.687 Thread 0x011d4c00 nmethod 1222 0x016f7188 code [0x016f7310, 0x016f7b0c]
Event: 3589.655 Thread 0x011d4c00 1223             sun.net.www.MessageHeader::mergeHeader (382 bytes)
Event: 3589.657 Thread 0x011d4c00 nmethod 1223 0x016f7f48 code [0x016f8120, 0x016f8bec]
Event: 3589.671 Thread 0x011d4c00 1224             javax.swing.SwingUtilities::getValidateRoot (98 bytes)
Event: 3589.671 Thread 0x011d4c00 nmethod 1224 0x016f9808 code [0x016f9960, 0x016f9ba0]
Event: 3589.671 Thread 0x011d4c00 1225             java.nio.Buffer::limit (62 bytes)
Event: 3589.671 Thread 0x011d4c00 nmethod 1225 0x016f9d08 code [0x016f9e10, 0x016f9f2c]

GC Heap History (10 events):
Event: 480.649 GC heap before
{Heap before GC invocations=27 (full 1):
 def new generation   total 8448K, used 7549K [0x23e50000, 0x24770000, 0x293a0000)
  eden space 7552K,  99% used [0x23e50000, 0x245af6d8, 0x245b0000)
  from space 896K,   0% used [0x245b0000, 0x245b0000, 0x24690000)
  to   space 896K,   0% used [0x24690000, 0x24690000, 0x24770000)
 tenured generation   total 18564K, used 11136K [0x293a0000, 0x2a5c1000, 0x33e50000)
   the space 18564K,  59% used [0x293a0000, 0x29e80390, 0x29e80400, 0x2a5c1000)
 compacting perm gen  total 12288K, used 6359K [0x33e50000, 0x34a50000, 0x37e50000)
   the space 12288K,  51% used [0x33e50000, 0x34485e00, 0x34485e00, 0x34a50000)
    ro space 10240K,  44% used [0x37e50000, 0x382c7808, 0x382c7a00, 0x38850000)
    rw space 12288K,  52% used [0x38850000, 0x38e9e610, 0x38e9e800, 0x39450000)
Event: 480.656 GC heap after
Heap after GC invocations=28 (full 1):
 def new generation   total 8448K, used 890K [0x23e50000, 0x24770000, 0x293a0000)
  eden space 7552K,   0% used [0x23e50000, 0x23e50000, 0x245b0000)
  from space 896K,  99% used [0x24690000, 0x2476eb38, 0x24770000)
  to   space 896K,   0% used [0x245b0000, 0x245b0000, 0x24690000)
 tenured generation   total 18564K, used 17754K [0x293a0000, 0x2a5c1000, 0x33e50000)
   the space 18564K,  95% used [0x293a0000, 0x2a4f6930, 0x2a4f6a00, 0x2a5c1000)
 compacting perm gen  total 12288K, used 6359K [0x33e50000, 0x34a50000, 0x37e50000)
   the space 12288K,  51% used [0x33e50000, 0x34485e00, 0x34485e00, 0x34a50000)
    ro space 10240K,  44% used [0x37e50000, 0x382c7808, 0x382c7a00, 0x38850000)
    rw space 12288K,  52% used [0x38850000, 0x38e9e610, 0x38e9e800, 0x39450000)
}
Event: 480.658 GC heap before
{Heap before GC invocations=28 (full 1):
 def new generation   total 8448K, used 8437K [0x23e50000, 0x24770000, 0x293a0000)
  eden space 7552K,  99% used [0x23e50000, 0x245aeae8, 0x245b0000)
  from space 896K,  99% used [0x24690000, 0x2476eb38, 0x24770000)
  to   space 896K,   0% used [0x245b0000, 0x245b0000, 0x24690000)
 tenured generation   total 18564K, used 17754K [0x293a0000, 0x2a5c1000, 0x33e50000)
   the space 18564K,  95% used [0x293a0000, 0x2a4f6930, 0x2a4f6a00, 0x2a5c1000)
 compacting perm gen  total 12288K, used 6359K [0x33e50000, 0x34a50000, 0x37e50000)
   the space 12288K,  51% used [0x33e50000, 0x34485e00, 0x34485e00, 0x34a50000)
    ro space 10240K,  44% used [0x37e50000, 0x382c7808, 0x382c7a00, 0x38850000)
    rw space 12288K,  52% used [0x38850000, 0x38e9e610, 0x38e9e800, 0x39450000)
Event: 480.712 GC heap after
Heap after GC invocations=29 (full 2):
 def new generation   total 19072K, used 646K [0x23e50000, 0x25300000, 0x293a0000)
  eden space 16960K,   3% used [0x23e50000, 0x23ef1850, 0x24ee0000)
  from space 2112K,   0% used [0x24ee0000, 0x24ee0000, 0x250f0000)
  to   space 2112K,   0% used [0x250f0000, 0x250f0000, 0x25300000)
 tenured generation   total 42240K, used 25343K [0x293a0000, 0x2bce0000, 0x33e50000)
   the space 42240K,  59% used [0x293a0000, 0x2ac5ff08, 0x2ac60000, 0x2bce0000)
 compacting perm gen  total 12288K, used 6359K [0x33e50000, 0x34a50000, 0x37e50000)
   the space 12288K,  51% used [0x33e50000, 0x34485e00, 0x34485e00, 0x34a50000)
    ro space 10240K,  44% used [0x37e50000, 0x382c7808, 0x382c7a00, 0x38850000)
    rw space 12288K,  52% used [0x38850000, 0x38e9e610, 0x38e9e800, 0x39450000)
}
Event: 480.817 GC heap before
{Heap before GC invocations=29 (full 2):
 def new generation   total 19072K, used 15814K [0x23e50000, 0x25300000, 0x293a0000)
  eden space 16960K,  93% used [0x23e50000, 0x24dc19c0, 0x24ee0000)
  from space 2112K,   0% used [0x24ee0000, 0x24ee0000, 0x250f0000)
  to   space 2112K,   0% used [0x250f0000, 0x250f0000, 0x25300000)
 tenured generation   total 42240K, used 25343K [0x293a0000, 0x2bce0000, 0x33e50000)
   the space 42240K,  59% used [0x293a0000, 0x2ac5ff08, 0x2ac60000, 0x2bce0000)
 compacting perm gen  total 12288K, used 6359K [0x33e50000, 0x34a50000, 0x37e50000)
   the space 12288K,  51% used [0x33e50000, 0x34485e00, 0x34485e00, 0x34a50000)
    ro space 10240K,  44% used [0x37e50000, 0x382c7808, 0x382c7a00, 0x38850000)
    rw space 12288K,  52% used [0x38850000, 0x38e9e610, 0x38e9e800, 0x39450000)
Event: 480.878 GC heap after
Heap after GC invocations=30 (full 3):
 def new generation   total 30912K, used 0K [0x23e50000, 0x25fd0000, 0x293a0000)
  eden space 27520K,   0% used [0x23e50000, 0x23e50000, 0x25930000)
  from space 3392K,   0% used [0x25930000, 0x25930000, 0x25c80000)
  to   space 3392K,   0% used [0x25c80000, 0x25c80000, 0x25fd0000)
 tenured generation   total 68544K, used 41124K [0x293a0000, 0x2d690000, 0x33e50000)
   the space 68544K,  59% used [0x293a0000, 0x2bbc9018, 0x2bbc9200, 0x2d690000)
 compacting perm gen  total 12288K, used 6359K [0x33e50000, 0x34a50000, 0x37e50000)
   the space 12288K,  51% used [0x33e50000, 0x34485e00, 0x34485e00, 0x34a50000)
    ro space 10240K,  44% used [0x37e50000, 0x382c7808, 0x382c7a00, 0x38850000)
    rw space 12288K,  52% used [0x38850000, 0x38e9e610, 0x38e9e800, 0x39450000)
}
Event: 480.937 GC heap before
{Heap before GC invocations=30 (full 3):
 def new generation   total 30912K, used 27513K [0x23e50000, 0x25fd0000, 0x293a0000)
  eden space 27520K,  99% used [0x23e50000, 0x2592e5e8, 0x25930000)
  from space 3392K,   0% used [0x25930000, 0x25930000, 0x25c80000)
  to   space 3392K,   0% used [0x25c80000, 0x25c80000, 0x25fd0000)
 tenured generation   total 100812K, used 73389K [0x293a0000, 0x2f613000, 0x33e50000)
   the space 100812K,  72% used [0x293a0000, 0x2db4b518, 0x2db4b600, 0x2f613000)
 compacting perm gen  total 12288K, used 6359K [0x33e50000, 0x34a50000, 0x37e50000)
   the space 12288K,  51% used [0x33e50000, 0x34485e00, 0x34485e00, 0x34a50000)
    ro space 10240K,  44% used [0x37e50000, 0x382c7808, 0x382c7a00, 0x38850000)
    rw space 12288K,  52% used [0x38850000, 0x38e9e610, 0x38e9e800, 0x39450000)
Event: 480.937 GC heap after
Heap after GC invocations=31 (full 3):
 def new generation   total 30912K, used 0K [0x23e50000, 0x25fd0000, 0x293a0000)
  eden space 27520K,   0% used [0x23e50000, 0x23e50000, 0x25930000)
  from space 3392K,   0% used [0x25c80000, 0x25c80128, 0x25fd0000)
  to   space 3392K,   0% used [0x25930000, 0x25930000, 0x25c80000)
 tenured generation   total 100812K, used 73389K [0x293a0000, 0x2f613000, 0x33e50000)
   the space 100812K,  72% used [0x293a0000, 0x2db4b518, 0x2db4b600, 0x2f613000)
 compacting perm gen  total 12288K, used 6359K [0x33e50000, 0x34a50000, 0x37e50000)
   the space 12288K,  51% used [0x33e50000, 0x34485e00, 0x34485e00, 0x34a50000)
    ro space 10240K,  44% used [0x37e50000, 0x382c7808, 0x382c7a00, 0x38850000)
    rw space 12288K,  52% used [0x38850000, 0x38e9e610, 0x38e9e800, 0x39450000)
}
Event: 480.943 GC heap before
{Heap before GC invocations=31 (full 3):
 def new generation   total 30912K, used 5170K [0x23e50000, 0x25fd0000, 0x293a0000)
  eden space 27520K,  18% used [0x23e50000, 0x2435ca18, 0x25930000)
  from space 3392K,   0% used [0x25c80000, 0x25c80128, 0x25fd0000)
  to   space 3392K,   0% used [0x25930000, 0x25930000, 0x25c80000)
 tenured generation   total 100812K, used 73389K [0x293a0000, 0x2f613000, 0x33e50000)
   the space 100812K,  72% used [0x293a0000, 0x2db4b518, 0x2db4b600, 0x2f613000)
 compacting perm gen  total 12288K, used 6359K [0x33e50000, 0x34a50000, 0x37e50000)
   the space 12288K,  51% used [0x33e50000, 0x34485e00, 0x34485e00, 0x34a50000)
    ro space 10240K,  44% used [0x37e50000, 0x382c7808, 0x382c7a00, 0x38850000)
    rw space 12288K,  52% used [0x38850000, 0x38e9e610, 0x38e9e800, 0x39450000)
Event: 481.024 GC heap after
Heap after GC invocations=32 (full 4):
 def new generation   total 54144K, used 0K [0x23e50000, 0x27910000, 0x293a0000)
  eden space 48128K,   0% used [0x23e50000, 0x23e50000, 0x26d50000)
  from space 6016K,   0% used [0x26d50000, 0x26d50000, 0x27330000)
  to   space 6016K,   0% used [0x27330000, 0x27330000, 0x27910000)
 tenured generation   total 120200K, used 72118K [0x293a0000, 0x30902000, 0x33e50000)
   the space 120200K,  59% used [0x293a0000, 0x2da0da38, 0x2da0dc00, 0x30902000)
 compacting perm gen  total 12288K, used 6341K [0x33e50000, 0x34a50000, 0x37e50000)
   the space 12288K,  51% used [0x33e50000, 0x34481788, 0x34481800, 0x34a50000)
    ro space 10240K,  44% used [0x37e50000, 0x382c7808, 0x382c7a00, 0x38850000)
    rw space 12288K,  52% used [0x38850000, 0x38e9e610, 0x38e9e800, 0x39450000)
}

Deoptimization events (0 events):
No events

Internal exceptions (10 events):
Event: 472.389 Thread 0x045a7c00 Threw 0x23ff9760 at C:\re\jdk7u45\229\hotspot\src\share\vm\prims\jvm.cpp:1244
Event: 472.401 Thread 0x045a7c00 Threw 0x24004458 at C:\re\jdk7u45\229\hotspot\src\share\vm\prims\jvm.cpp:1244
Event: 472.401 Thread 0x045a7c00 Threw 0x2400a4b8 at C:\re\jdk7u45\229\hotspot\src\share\vm\prims\jvm.cpp:1244
Event: 472.402 Thread 0x045a7c00 Threw 0x2400ee70 at C:\re\jdk7u45\229\hotspot\src\share\vm\prims\jvm.cpp:1244
Event: 472.402 Thread 0x045a7c00 Threw 0x24013a40 at C:\re\jdk7u45\229\hotspot\src\share\vm\prims\jvm.cpp:1244
Event: 472.425 Thread 0x045a7c00 Threw 0x24058f78 at C:\re\jdk7u45\229\hotspot\src\share\vm\prims\jvm.cpp:1244
Event: 472.426 Thread 0x045a7c00 Threw 0x2405e270 at C:\re\jdk7u45\229\hotspot\src\share\vm\prims\jvm.cpp:1244
Event: 472.429 Thread 0x045a7c00 Threw 0x2406c210 at C:\re\jdk7u45\229\hotspot\src\share\vm\prims\jvm.cpp:1244
Event: 472.543 Thread 0x045a7c00 Threw 0x24070450 at C:\re\jdk7u45\229\hotspot\src\share\vm\prims\jvm.cpp:1244
Event: 481.037 Thread 0x045a7c00 Threw 0x25dd2c80 at C:\re\jdk7u45\229\hotspot\src\share\vm\prims\jvm.cpp:1244

Events (10 events):
Event: 481.037 loading class 0x03a4e408
Event: 481.037 loading class 0x03a4e408 done
Event: 482.072 Thread 0x011d4c00 flushing nmethod 0x0153b408
Event: 482.072 Thread 0x011d4c00 flushing nmethod 0x0153cc48
Event: 3582.505 Thread 0x011d4c00 flushing nmethod 0x01677a48
Event: 3586.691 Executing VM operation: RevokeBias
Event: 3586.692 Executing VM operation: RevokeBias done
Event: 3587.283 Executing VM operation: BulkRevokeBias
Event: 3587.283 Executing VM operation: BulkRevokeBias done
Event: 3589.656 Thread 0x04599400 Thread added: 0x04599400


Dynamic libraries:
0x01230000 - 0x0125f000 	C:\Program Files\Java\jdk1.7.0_45\bin\java.exe
0x770d0000 - 0x7720c000 	C:\Windows\SYSTEM32\ntdll.dll
0x76fe0000 - 0x770b4000 	C:\Windows\system32\kernel32.dll
0x75370000 - 0x753bb000 	C:\Windows\system32\KERNELBASE.dll
0x75a40000 - 0x75ae0000 	C:\Windows\system32\ADVAPI32.dll
0x76f30000 - 0x76fdc000 	C:\Windows\system32\msvcrt.dll
0x76790000 - 0x767a9000 	C:\Windows\SYSTEM32\sechost.dll
0x76a50000 - 0x76af2000 	C:\Windows\system32\RPCRT4.dll
0x76e60000 - 0x76f29000 	C:\Windows\system32\USER32.dll
0x77210000 - 0x7725e000 	C:\Windows\system32\GDI32.dll
0x770c0000 - 0x770ca000 	C:\Windows\system32\LPK.dll
0x76dc0000 - 0x76e5d000 	C:\Windows\system32\USP10.dll
0x74130000 - 0x742ce000 	C:\Windows\WinSxS\x86_microsoft.windows.common-controls_6595b64144ccf1df_6.0.7601.17514_none_41e6975e2bd6f2b2\COMCTL32.dll
0x75ae0000 - 0x75b37000 	C:\Windows\system32\SHLWAPI.dll
0x772e0000 - 0x772ff000 	C:\Windows\system32\IMM32.DLL
0x76bc0000 - 0x76c8c000 	C:\Windows\system32\MSCTF.dll
0x5c550000 - 0x5c60f000 	C:\Program Files\Java\jdk1.7.0_45\jre\bin\msvcr100.dll
0x5c610000 - 0x5c990000 	C:\Program Files\Java\jdk1.7.0_45\jre\bin\client\jvm.dll
0x710a0000 - 0x710a7000 	C:\Windows\system32\WSOCK32.dll
0x76850000 - 0x76885000 	C:\Windows\system32\WS2_32.dll
0x76c90000 - 0x76c96000 	C:\Windows\system32\NSI.dll
0x736f0000 - 0x73722000 	C:\Windows\system32\WINMM.dll
0x76b00000 - 0x76b05000 	C:\Windows\system32\PSAPI.DLL
0x60dd0000 - 0x60ddc000 	C:\Program Files\Java\jdk1.7.0_45\jre\bin\verify.dll
0x5c4f0000 - 0x5c510000 	C:\Program Files\Java\jdk1.7.0_45\jre\bin\java.dll
0x5c4d0000 - 0x5c4e3000 	C:\Program Files\Java\jdk1.7.0_45\jre\bin\zip.dll
0x5c490000 - 0x5c4a4000 	C:\Program Files\Java\jdk1.7.0_45\jre\bin\net.dll
0x10000000 - 0x1015e000 	C:\Windows\system32\mwtsp.dll
0x67340000 - 0x674e5000 	C:\Windows\system32\SPORDER.dll
0x747f0000 - 0x747f9000 	C:\Windows\system32\VERSION.dll
0x74790000 - 0x747e8000 	C:\Windows\system32\WINHTTP.dll
0x74740000 - 0x7478f000 	C:\Windows\system32\webio.dll
0x75b40000 - 0x7678a000 	C:\Windows\system32\SHELL32.dll
0x758b0000 - 0x75a0c000 	C:\Windows\system32\ole32.dll
0x75170000 - 0x7518b000 	C:\Windows\system32\SspiCli.dll
0x74cd0000 - 0x74d0c000 	C:\Windows\system32\mswsock.dll
0x74cc0000 - 0x74cc6000 	C:\Windows\System32\wship6.dll
0x60d90000 - 0x60d9f000 	C:\Program Files\Java\jdk1.7.0_45\jre\bin\nio.dll
0x5c340000 - 0x5c483000 	C:\Program Files\Java\jdk1.7.0_45\jre\bin\awt.dll
0x75820000 - 0x758af000 	C:\Windows\system32\OLEAUT32.dll
0x73ec0000 - 0x73f00000 	C:\Windows\system32\uxtheme.dll
0x73b20000 - 0x73b33000 	C:\Windows\system32\dwmapi.dll
0x751e0000 - 0x751ec000 	C:\Windows\system32\CRYPTBASE.dll
0x5bd20000 - 0x5bd58000 	C:\Program Files\Java\jdk1.7.0_45\jre\bin\fontmanager.dll
0x5c050000 - 0x5c075000 	C:\Program Files\Java\jdk1.7.0_45\jre\bin\jpeg.dll
0x767c0000 - 0x76843000 	C:\Windows\system32\CLBCatQ.DLL
0x739f0000 - 0x73aeb000 	C:\Windows\system32\WindowsCodecs.dll
0x75190000 - 0x751dc000 	C:\Windows\system32\apphelp.dll
0x6d800000 - 0x6daa7000 	C:\Program Files\Adobe\Adobe Creative Cloud\CoreSync\CoreSync_v_1_1_0_x86.dll
0x6f750000 - 0x6f7b9000 	C:\Windows\system32\MSVCP100.dll
0x753c0000 - 0x754e0000 	C:\Windows\system32\CRYPT32.dll
0x752d0000 - 0x752dc000 	C:\Windows\system32\MSASN1.dll
0x731c0000 - 0x731dc000 	C:\Windows\system32\IPHLPAPI.DLL
0x731b0000 - 0x731b7000 	C:\Windows\system32\WINNSI.DLL
0x76ca0000 - 0x76dbb000 	C:\Windows\system32\WININET.dll
0x767b0000 - 0x767b3000 	C:\Windows\system32\Normaliz.dll
0x76890000 - 0x76a48000 	C:\Windows\system32\iertutil.dll
0x75700000 - 0x75811000 	C:\Windows\system32\urlmon.dll
0x73960000 - 0x73971000 	C:\Windows\system32\NETAPI32.dll
0x73950000 - 0x73959000 	C:\Windows\system32\netutils.dll
0x74eb0000 - 0x74ec9000 	C:\Windows\system32\srvcli.dll
0x73940000 - 0x7394f000 	C:\Windows\system32\wkscli.dll
0x748c0000 - 0x748d7000 	C:\Windows\system32\USERENV.dll
0x75260000 - 0x7526b000 	C:\Windows\system32\profapi.dll
0x71480000 - 0x71492000 	C:\Windows\system32\MPR.dll
0x6f710000 - 0x6f741000 	C:\Windows\system32\EhStorShell.dll
0x75560000 - 0x756fd000 	C:\Windows\system32\SETUPAPI.dll
0x75500000 - 0x75527000 	C:\Windows\system32\CFGMGR32.dll
0x754e0000 - 0x754f2000 	C:\Windows\system32\DEVOBJ.dll
0x73f00000 - 0x73ff5000 	C:\Windows\system32\PROPSYS.dll
0x6e290000 - 0x6e31f000 	C:\Program Files\Google\Drive\googledrivesync32.dll
0x6e200000 - 0x6e28e000 	C:\Windows\WinSxS\x86_microsoft.vc90.crt_1fc8b3b9a1e18e3b_9.0.30729.6161_none_50934f2ebcb7eb57\MSVCP90.dll
0x71360000 - 0x71403000 	C:\Windows\WinSxS\x86_microsoft.vc90.crt_1fc8b3b9a1e18e3b_9.0.30729.6161_none_50934f2ebcb7eb57\MSVCR90.dll
0x661c0000 - 0x663dd000 	C:\PROGRA~1\MICROS~1\Office12\GR469A~1.DLL
0x68ef0000 - 0x68fe1000 	C:\PROGRA~1\MICROS~1\Office12\GrooveUtil.DLL
0x705e0000 - 0x7067b000 	C:\Windows\WinSxS\x86_microsoft.vc80.crt_1fc8b3b9a1e18e3b_8.0.50727.6195_none_d09154e044272b9a\MSVCR80.dll
0x68ff0000 - 0x68ff7000 	C:\PROGRA~1\MICROS~1\Office12\GrooveNew.DLL
0x6f6f0000 - 0x6f70b000 	C:\Windows\WinSxS\x86_microsoft.vc80.atl_1fc8b3b9a1e18e3b_8.0.50727.6195_none_d1cb102c435421de\ATL80.DLL
0x74d10000 - 0x74d26000 	C:\Windows\system32\CRYPTSP.dll
0x74ab0000 - 0x74aeb000 	C:\Windows\system32\rsaenh.dll
0x6e340000 - 0x6e345000 	C:\Windows\system32\MSImg32.dll
0x5bcf0000 - 0x5bd20000 	C:\Program Files\Java\jdk1.7.0_45\jre\bin\t2k.dll
0x52f20000 - 0x52f8e000 	C:\Users\damyant\.morena\twain_604000c.dll
0x5bdf0000 - 0x5bdff000 	C:\Windows\Twain_32.dll
0x75530000 - 0x7555d000 	C:\Windows\system32\WINTRUST.dll
0x52f00000 - 0x52f1f000 	C:\Windows\system32\wiadss.dll
0x75250000 - 0x7525e000 	C:\Windows\system32\RpcRtRemote.dll
0x52e30000 - 0x52e63000 	C:\Windows\System32\sti.dll
0x03f20000 - 0x03f44000 	C:\Program Files\Brother\BrUtilities\BrLogAPI.dll
0x52cb0000 - 0x52e1b000 	C:\Windows\system32\BrWi211d.dll
0x52e80000 - 0x52ef4000 	C:\Windows\system32\wiaservc.dll
0x638a0000 - 0x63919000 	C:\Windows\system32\mscms.dll
0x61790000 - 0x617c8000 	C:\Windows\system32\icm32.dll
0x03790000 - 0x037a9000 	C:\Windows\Twain_32\BrSc11d\AD2100U\BrTwdFe.ds
0x040f0000 - 0x0411e000 	C:\Windows\Twain_32\BrSc11d\Common\BrTwds.dll
0x04130000 - 0x04148000 	C:\Windows\Twain_32\BrSc11d\Common\BrScnDev.dll
0x04150000 - 0x04165000 	C:\Windows\Twain_32\BrSc11d\Common\BrStiIf.dll
0x05d40000 - 0x05eb2000 	C:\Windows\Twain_32\BrSc11d\Common\BrTwdScn.dll
0x04220000 - 0x04248000 	C:\Windows\Twain_32\BrSc11d\Common\BrTwdsUi.dll
0x04390000 - 0x043ac000 	C:\Windows\Twain_32\BrSc11d\Lang\BrTwdUsa.dll
0x64110000 - 0x641fb000 	C:\Windows\system32\dbghelp.dll

VM Arguments:
java_command: com.scannerapp.apps.application.IMApplicationMain
Launcher Type: SUN_STANDARD

Environment Variables:
JAVA_HOME=C:\Program Files\Java\jdk1.7.0_45
PATH=C:\Windows\system32;C:\Windows;C:\Windows\System32\Wbem;C:\Windows\System32\WindowsPowerShell\v1.0\;C:\Program Files\Microsoft SQL Server\100\Tools\Binn\;C:\Program Files\Microsoft SQL Server\100\DTS\Binn\;C:\Program Files\Windows Kits\8.0\Windows Performance Toolkit\;D:\damyant\apache-tomcat-6.0.37\bin;C:\groovy-2.1.7\bin;C:\grails-1.3.7\bin;C:\Program Files\Autodesk\Backburner;D:\Spring Hibernate\apache-maven-3.1.1\bin;C:\Program Files\Java\jdk1.6.0_02\bin;C:\Program Files\Java\jdk1.6.0_02\bin;C:\Program Files\MySQL\MySQL Server 5.0\bin;
USERNAME=damyant
OS=Windows_NT
PROCESSOR_IDENTIFIER=x86 Family 6 Model 23 Stepping 10, GenuineIntel



---------------  S Y S T E M  ---------------

OS: Windows 7 Build 7601 Service Pack 1

CPU:total 2 (2 cores per cpu, 1 threads per core) family 6 model 23 stepping 10, cmov, cx8, fxsr, mmx, sse, sse2, sse3, ssse3, sse4.1, tsc

Memory: 4k page, physical 3659960k(1845528k free), swap 7318168k(3449312k free)

vm_info: Java HotSpot(TM) Client VM (24.45-b08) for windows-x86 JRE (1.7.0_45-b18), built on Oct  8 2013 06:02:43 by "java_re" with unknown MS VC++:1600

time: Tue Mar 04 14:15:05 2014
elapsed time: 3590 seconds

