#
# A fatal error has been detected by the Java Runtime Environment:
#
#  EXCEPTION_ACCESS_VIOLATION (0xc0000005) at pc=0x61ff6883, pid=6788, tid=6520
#
# JRE version: Java(TM) SE Runtime Environment (7.0_45-b18) (build 1.7.0_45-b18)
# Java VM: Java HotSpot(TM) Client VM (24.45-b08 mixed mode, sharing windows-x86 )
# Problematic frame:
# C  [Twain_32.dll+0x6883]
#
# Failed to write core dump. Minidumps are not enabled by default on client versions of Windows
#
# If you would like to submit a bug report, please visit:
#   http://bugreport.sun.com/bugreport/crash.jsp
# The crash happened outside the Java Virtual Machine in native code.
# See problematic frame for where to report the bug.
#

---------------  T H R E A D  ---------------

Current thread (0x044c7800):  JavaThread "AWT-EventQueue-0" [_thread_in_native, id=6520, stack(0x04970000,0x049c0000)]

siginfo: ExceptionCode=0xc0000005, reading address 0x065a392c

Registers:
EAX=0x0024c9c8, EBX=0x04aa019c, ECX=0x065a392c, EDX=0x05a912c0
ESP=0x049bc09c, EBP=0x049bc0b0, ESI=0x00298958, EDI=0x049bc978
EIP=0x61ff6883, EFLAGS=0x00210206

Top of Stack: (sp=0x049bc09c)
0x049bc09c:   049bc978 00000001 00000000 61ff6ddb
0x049bc0ac:   00298958 049bc0c4 61ff6f92 049bc0dc
0x049bc0bc:   05a93af8 05a912c0 049bc0f0 61ff8fcc
0x049bc0cc:   049bc0dc 049bc990 049bc110 34408cd8
0x049bc0dc:   05a912c0 05a93af8 00000001 06010002
0x049bc0ec:   049bc978 049bc124 5df2e22a 05a912c0
0x049bc0fc:   05a90000 00000001 00000002 00000601
0x049bc10c:   049bc978 049bc14c cccccccc cccccccc 

Instructions: (pc=0x61ff6883)
0x61ff6863:   6a 02 58 66 89 81 c4 00 00 00 33 c0 40 eb 37 8b
0x61ff6873:   48 04 85 c9 74 1e 83 38 00 74 19 8b 56 04 8b 12
0x61ff6883:   8b 09 53 3b 0a 74 23 ff 15 84 10 ff 61 53 ff 15
0x61ff6893:   a0 10 ff 61 8b 15 28 c0 ff 61 33 c0 40 8b c8 66 


Register to memory mapping:

EAX=0x0024c9c8 is an unknown value
EBX=0x04aa019c is an unknown value
ECX=0x065a392c is an unknown value
EDX=0x05a912c0 is an unknown value
ESP=0x049bc09c is pointing into the stack for thread: 0x044c7800
EBP=0x049bc0b0 is pointing into the stack for thread: 0x044c7800
ESI=0x00298958 is an unknown value
EDI=0x049bc978 is pointing into the stack for thread: 0x044c7800


Stack: [0x04970000,0x049c0000],  sp=0x049bc09c,  free space=304k
Native frames: (J=compiled Java code, j=interpreted, Vv=VM code, C=native code)
C  [Twain_32.dll+0x6883]
C  [Twain_32.dll+0x6f92]
C  [Twain_32.dll+0x8fcc]
C  [twain_604000c.dll+0x2e22a]
C  [twain_604000c.dll+0x30793]
C  [twain_604000c.dll+0x30fc2]
C  [twain_604000c.dll+0x532c]
j  SK.gnome.twain.TwainSource.acquireImage(Z[Ljava/awt/image/ImageConsumer;)V+0
j  SK.gnome.twain.TwainSource.startProduction(Ljava/awt/image/ImageConsumer;)V+30
j  SK.gnome.morena.MorenaImage.<init>(Ljava/awt/image/ImageProducer;)V+17
j  com.scannerapp.apps.desktoprightpanel.scanner6.DocumentScanner.scanDocument(LSK/gnome/twain/TwainSource;I)V+29
j  com.scannerapp.apps.desktoprightpanel.view.ImportSaparationPanel.startDocumentScanning(Lcom/scannerapp/shared/NodeProperties;LSK/gnome/twain/TwainSource;)V+29
j  com.scannerapp.apps.desktoprightpanel.view.ImportSaparationPanel.importImageFromScanner(Lcom/scannerapp/apps/desktopleftpanel/view/CustomMutableTreeNode;)V+134
j  com.scannerapp.apps.desktoprightpanel.view.ImportSaparationPanel.actionPerformed(Ljava/awt/event/ActionEvent;)V+235
j  javax.swing.AbstractButton.fireActionPerformed(Ljava/awt/event/ActionEvent;)V+84
j  javax.swing.AbstractButton$Handler.actionPerformed(Ljava/awt/event/ActionEvent;)V+5
j  javax.swing.DefaultButtonModel.fireActionPerformed(Ljava/awt/event/ActionEvent;)V+35
j  javax.swing.DefaultButtonModel.setPressed(Z)V+117
j  javax.swing.plaf.basic.BasicButtonListener.mouseReleased(Ljava/awt/event/MouseEvent;)V+35
j  java.awt.AWTEventMulticaster.mouseReleased(Ljava/awt/event/MouseEvent;)V+8
j  java.awt.Component.processMouseEvent(Ljava/awt/event/MouseEvent;)V+64
j  javax.swing.JComponent.processMouseEvent(Ljava/awt/event/MouseEvent;)V+23
j  java.awt.Component.processEvent(Ljava/awt/AWTEvent;)V+81
j  java.awt.Container.processEvent(Ljava/awt/AWTEvent;)V+18
j  java.awt.Component.dispatchEventImpl(Ljava/awt/AWTEvent;)V+581
j  java.awt.Container.dispatchEventImpl(Ljava/awt/AWTEvent;)V+42
J  java.awt.LightweightDispatcher.retargetMouseEvent(Ljava/awt/Component;ILjava/awt/event/MouseEvent;)V
j  java.awt.LightweightDispatcher.dispatchEvent(Ljava/awt/AWTEvent;)Z+50
j  java.awt.Container.dispatchEventImpl(Ljava/awt/AWTEvent;)V+12
j  java.awt.Window.dispatchEventImpl(Ljava/awt/AWTEvent;)V+19
j  java.awt.Component.dispatchEvent(Ljava/awt/AWTEvent;)V+2
j  java.awt.EventQueue.dispatchEventImpl(Ljava/awt/AWTEvent;Ljava/lang/Object;)V+41
J  java.awt.EventQueue$3.run()Ljava/lang/Object;
V  [jvm.dll+0x13f1fa]
V  [jvm.dll+0x202aee]
V  [jvm.dll+0x13f27d]
V  [jvm.dll+0xfa85a]
C  [java.dll+0x102f]
J  java.security.ProtectionDomain$1.doIntersectionPrivilege(Ljava/security/PrivilegedAction;Ljava/security/AccessControlContext;Ljava/security/AccessControlContext;)Ljava/lang/Object;
j  java.awt.EventQueue$4.run()Ljava/lang/Void;+11
j  java.awt.EventQueue$4.run()Ljava/lang/Object;+1
v  ~StubRoutines::call_stub
V  [jvm.dll+0x13f1fa]
V  [jvm.dll+0x202aee]
V  [jvm.dll+0x13f27d]
V  [jvm.dll+0xfa85a]
C  [java.dll+0x102f]
J  java.security.ProtectionDomain$1.doIntersectionPrivilege(Ljava/security/PrivilegedAction;Ljava/security/AccessControlContext;Ljava/security/AccessControlContext;)Ljava/lang/Object;
J  java.awt.EventDispatchThread.pumpOneEventForFilters(I)V
j  java.awt.EventDispatchThread.pumpEventsForHierarchy(ILjava/awt/Conditional;Ljava/awt/Component;)V+11
j  java.awt.EventDispatchThread.pumpEvents(ILjava/awt/Conditional;)V+4
j  java.awt.EventDispatchThread.pumpEvents(Ljava/awt/Conditional;)V+3
j  java.awt.EventDispatchThread.run()V+9
v  ~StubRoutines::call_stub
V  [jvm.dll+0x13f1fa]
V  [jvm.dll+0x202aee]
V  [jvm.dll+0x13f3c5]
V  [jvm.dll+0x13f427]
V  [jvm.dll+0xeb81f]
V  [jvm.dll+0x16042c]
V  [jvm.dll+0x160e67]
V  [jvm.dll+0x1a49f9]
C  [msvcr100.dll+0x5c556]
C  [msvcr100.dll+0x5c600]
C  [kernel32.dll+0x4ed5c]
C  [ntdll.dll+0x637eb]
C  [ntdll.dll+0x637be]

Java frames: (J=compiled Java code, j=interpreted, Vv=VM code)
j  SK.gnome.twain.TwainSource.acquireImage(Z[Ljava/awt/image/ImageConsumer;)V+0
j  SK.gnome.twain.TwainSource.startProduction(Ljava/awt/image/ImageConsumer;)V+30
j  SK.gnome.morena.MorenaImage.<init>(Ljava/awt/image/ImageProducer;)V+17
j  com.scannerapp.apps.desktoprightpanel.scanner6.DocumentScanner.scanDocument(LSK/gnome/twain/TwainSource;I)V+29
j  com.scannerapp.apps.desktoprightpanel.view.ImportSaparationPanel.startDocumentScanning(Lcom/scannerapp/shared/NodeProperties;LSK/gnome/twain/TwainSource;)V+29
j  com.scannerapp.apps.desktoprightpanel.view.ImportSaparationPanel.importImageFromScanner(Lcom/scannerapp/apps/desktopleftpanel/view/CustomMutableTreeNode;)V+134
j  com.scannerapp.apps.desktoprightpanel.view.ImportSaparationPanel.actionPerformed(Ljava/awt/event/ActionEvent;)V+235
j  javax.swing.AbstractButton.fireActionPerformed(Ljava/awt/event/ActionEvent;)V+84
j  javax.swing.AbstractButton$Handler.actionPerformed(Ljava/awt/event/ActionEvent;)V+5
j  javax.swing.DefaultButtonModel.fireActionPerformed(Ljava/awt/event/ActionEvent;)V+35
j  javax.swing.DefaultButtonModel.setPressed(Z)V+117
j  javax.swing.plaf.basic.BasicButtonListener.mouseReleased(Ljava/awt/event/MouseEvent;)V+35
j  java.awt.AWTEventMulticaster.mouseReleased(Ljava/awt/event/MouseEvent;)V+8
j  java.awt.Component.processMouseEvent(Ljava/awt/event/MouseEvent;)V+64
j  javax.swing.JComponent.processMouseEvent(Ljava/awt/event/MouseEvent;)V+23
j  java.awt.Component.processEvent(Ljava/awt/AWTEvent;)V+81
j  java.awt.Container.processEvent(Ljava/awt/AWTEvent;)V+18
j  java.awt.Component.dispatchEventImpl(Ljava/awt/AWTEvent;)V+581
j  java.awt.Container.dispatchEventImpl(Ljava/awt/AWTEvent;)V+42
J  java.awt.LightweightDispatcher.retargetMouseEvent(Ljava/awt/Component;ILjava/awt/event/MouseEvent;)V
j  java.awt.LightweightDispatcher.processMouseEvent(Ljava/awt/event/MouseEvent;)Z+139
j  java.awt.LightweightDispatcher.dispatchEvent(Ljava/awt/AWTEvent;)Z+50
j  java.awt.Container.dispatchEventImpl(Ljava/awt/AWTEvent;)V+12
j  java.awt.Window.dispatchEventImpl(Ljava/awt/AWTEvent;)V+19
j  java.awt.Component.dispatchEvent(Ljava/awt/AWTEvent;)V+2
j  java.awt.EventQueue.dispatchEventImpl(Ljava/awt/AWTEvent;Ljava/lang/Object;)V+41
J  java.awt.EventQueue$3.run()Ljava/lang/Object;
v  ~StubRoutines::call_stub
J  java.security.AccessController.doPrivileged(Ljava/security/PrivilegedAction;Ljava/security/AccessControlContext;)Ljava/lang/Object;
J  java.security.ProtectionDomain$1.doIntersectionPrivilege(Ljava/security/PrivilegedAction;Ljava/security/AccessControlContext;Ljava/security/AccessControlContext;)Ljava/lang/Object;
j  java.security.ProtectionDomain$1.doIntersectionPrivilege(Ljava/security/PrivilegedAction;Ljava/security/AccessControlContext;)Ljava/lang/Object;+6
j  java.awt.EventQueue$4.run()Ljava/lang/Void;+11
j  java.awt.EventQueue$4.run()Ljava/lang/Object;+1
v  ~StubRoutines::call_stub
J  java.security.AccessController.doPrivileged(Ljava/security/PrivilegedAction;Ljava/security/AccessControlContext;)Ljava/lang/Object;
J  java.security.ProtectionDomain$1.doIntersectionPrivilege(Ljava/security/PrivilegedAction;Ljava/security/AccessControlContext;Ljava/security/AccessControlContext;)Ljava/lang/Object;
j  java.awt.EventQueue.dispatchEvent(Ljava/awt/AWTEvent;)V+73
J  java.awt.EventDispatchThread.pumpOneEventForFilters(I)V
j  java.awt.EventDispatchThread.pumpEventsForFilter(ILjava/awt/Conditional;Ljava/awt/EventFilter;)V+35
j  java.awt.EventDispatchThread.pumpEventsForHierarchy(ILjava/awt/Conditional;Ljava/awt/Component;)V+11
j  java.awt.EventDispatchThread.pumpEvents(ILjava/awt/Conditional;)V+4
j  java.awt.EventDispatchThread.pumpEvents(Ljava/awt/Conditional;)V+3
j  java.awt.EventDispatchThread.run()V+9
v  ~StubRoutines::call_stub

---------------  P R O C E S S  ---------------

Java Threads: ( => current thread )
  0x004dd000 JavaThread "DestroyJavaVM" [_thread_blocked, id=6356, stack(0x00500000,0x00550000)]
=>0x044c7800 JavaThread "AWT-EventQueue-0" [_thread_in_native, id=6520, stack(0x04970000,0x049c0000)]
  0x044c7000 JavaThread "AWT-Shutdown" [_thread_blocked, id=7192, stack(0x04250000,0x042a0000)]
  0x044c6000 JavaThread "TimerQueue" daemon [_thread_blocked, id=4712, stack(0x047c0000,0x04810000)]
  0x00e3c400 JavaThread "AWT-Windows" daemon [_thread_in_native, id=7048, stack(0x04180000,0x041d0000)]
  0x00e32000 JavaThread "Java2D Disposer" daemon [_thread_blocked, id=7976, stack(0x04130000,0x04180000)]
  0x00705c00 JavaThread "Service Thread" daemon [_thread_blocked, id=7000, stack(0x00ca0000,0x00cf0000)]
  0x00704c00 JavaThread "C1 CompilerThread0" daemon [_thread_blocked, id=7648, stack(0x00ac0000,0x00b10000)]
  0x00703800 JavaThread "Attach Listener" daemon [_thread_blocked, id=6968, stack(0x00b90000,0x00be0000)]
  0x00700800 JavaThread "Signal Dispatcher" daemon [_thread_blocked, id=6848, stack(0x008c0000,0x00910000)]
  0x00696c00 JavaThread "Finalizer" daemon [_thread_blocked, id=7132, stack(0x00970000,0x009c0000)]
  0x00691800 JavaThread "Reference Handler" daemon [_thread_blocked, id=7044, stack(0x00870000,0x008c0000)]

Other Threads:
  0x00690400 VMThread [stack: 0x00a20000,0x00a70000] [id=6580]
  0x00732000 WatcherThread [stack: 0x00b20000,0x00b70000] [id=6808]

VM state:not at safepoint (normal execution)

VM Mutex/Monitor currently owned by a thread: None

Heap
 def new generation   total 54144K, used 35473K [0x23e50000, 0x27910000, 0x293a0000)
  eden space 48128K,  73% used [0x23e50000, 0x260f4758, 0x26d50000)
  from space 6016K,   0% used [0x26d50000, 0x26d50000, 0x27330000)
  to   space 6016K,   0% used [0x27330000, 0x27330000, 0x27910000)
 tenured generation   total 120284K, used 72168K [0x293a0000, 0x30917000, 0x33e50000)
   the space 120284K,  59% used [0x293a0000, 0x2da1a340, 0x2da1a400, 0x30917000)
 compacting perm gen  total 12288K, used 6287K [0x33e50000, 0x34a50000, 0x37e50000)
   the space 12288K,  51% used [0x33e50000, 0x34473dc8, 0x34473e00, 0x34a50000)
    ro space 10240K,  44% used [0x37e50000, 0x382c7808, 0x382c7a00, 0x38850000)
    rw space 12288K,  52% used [0x38850000, 0x38e9e610, 0x38e9e800, 0x39450000)

Card table byte_map: [0x00760000,0x00810000] byte_map_base: 0x00640d80

Polling page: 0x00460000

Code Cache  [0x01b60000, 0x01d60000, 0x03b60000)
 total_blobs=1163 nmethods=929 adapters=170 free_code_cache=30721Kb largest_free_block=31457664

Compilation events (10 events):
Event: 199.002 Thread 0x00704c00  941   !         sun.awt.AWTAutoShutdown::notifyThreadBusy (86 bytes)
Event: 199.003 Thread 0x00704c00 nmethod 941 0x01d5e0c8 code [0x01d5e210, 0x01d5e6b0]
Event: 199.532 Thread 0x00704c00  942             javax.swing.BufferStrategyPaintManager::fetchRoot (193 bytes)
Event: 199.534 Thread 0x00704c00 nmethod 942 0x01d5eb08 code [0x01d5ec70, 0x01d5f040]
Event: 199.534 Thread 0x00704c00  943             sun.java2d.pipe.Region::getIntersectionXYXY (108 bytes)
Event: 199.534 Thread 0x00704c00 nmethod 943 0x01d5f2c8 code [0x01d5f420, 0x01d5f718]
Event: 199.534 Thread 0x00704c00  944             sun.java2d.pipe.Region::isInsideXYXY (39 bytes)
Event: 199.535 Thread 0x00704c00 nmethod 944 0x01d5f988 code [0x01d5fa80, 0x01d5fb50]
Event: 199.695 Thread 0x00704c00  945             java.util.HashMap::getForNullKey (42 bytes)
Event: 199.696 Thread 0x00704c00 nmethod 945 0x01d5fb88 code [0x01d5fc90, 0x01d5fd90]

GC Heap History (10 events):
Event: 60.136 GC heap before
{Heap before GC invocations=15 (full 1):
 def new generation   total 7296K, used 7286K [0x23e50000, 0x24630000, 0x293a0000)
  eden space 6528K,  99% used [0x23e50000, 0x244aed30, 0x244b0000)
  from space 768K,  99% used [0x24570000, 0x2462ee30, 0x24630000)
  to   space 768K,   0% used [0x244b0000, 0x244b0000, 0x24570000)
 tenured generation   total 16032K, used 15334K [0x293a0000, 0x2a348000, 0x33e50000)
   the space 16032K,  95% used [0x293a0000, 0x2a2998e8, 0x2a299a00, 0x2a348000)
 compacting perm gen  total 12288K, used 6294K [0x33e50000, 0x34a50000, 0x37e50000)
   the space 12288K,  51% used [0x33e50000, 0x34475a58, 0x34475c00, 0x34a50000)
    ro space 10240K,  44% used [0x37e50000, 0x382c7808, 0x382c7a00, 0x38850000)
    rw space 12288K,  52% used [0x38850000, 0x38e9e610, 0x38e9e800, 0x39450000)
Event: 60.181 GC heap after
Heap after GC invocations=16 (full 2):
 def new generation   total 16512K, used 685K [0x23e50000, 0x25030000, 0x293a0000)
  eden space 14720K,   4% used [0x23e50000, 0x23efb4f0, 0x24cb0000)
  from space 1792K,   0% used [0x24cb0000, 0x24cb0000, 0x24e70000)
  to   space 1792K,   0% used [0x24e70000, 0x24e70000, 0x25030000)
 tenured generation   total 36524K, used 21912K [0x293a0000, 0x2b74b000, 0x33e50000)
   the space 36524K,  59% used [0x293a0000, 0x2a9061e8, 0x2a906200, 0x2b74b000)
 compacting perm gen  total 12288K, used 6294K [0x33e50000, 0x34a50000, 0x37e50000)
   the space 12288K,  51% used [0x33e50000, 0x34475a58, 0x34475c00, 0x34a50000)
    ro space 10240K,  44% used [0x37e50000, 0x382c7808, 0x382c7a00, 0x38850000)
    rw space 12288K,  52% used [0x38850000, 0x38e9e610, 0x38e9e800, 0x39450000)
}
Event: 60.187 GC heap before
{Heap before GC invocations=16 (full 2):
 def new generation   total 16512K, used 14720K [0x23e50000, 0x25030000, 0x293a0000)
  eden space 14720K, 100% used [0x23e50000, 0x24cb0000, 0x24cb0000)
  from space 1792K,   0% used [0x24cb0000, 0x24cb0000, 0x24e70000)
  to   space 1792K,   0% used [0x24e70000, 0x24e70000, 0x25030000)
 tenured generation   total 36524K, used 21912K [0x293a0000, 0x2b74b000, 0x33e50000)
   the space 36524K,  59% used [0x293a0000, 0x2a9061e8, 0x2a906200, 0x2b74b000)
 compacting perm gen  total 12288K, used 6294K [0x33e50000, 0x34a50000, 0x37e50000)
   the space 12288K,  51% used [0x33e50000, 0x34475a58, 0x34475c00, 0x34a50000)
    ro space 10240K,  44% used [0x37e50000, 0x382c7808, 0x382c7a00, 0x38850000)
    rw space 12288K,  52% used [0x38850000, 0x38e9e610, 0x38e9e800, 0x39450000)
Event: 60.205 GC heap after
Heap after GC invocations=17 (full 2):
 def new generation   total 16512K, used 1791K [0x23e50000, 0x25030000, 0x293a0000)
  eden space 14720K,   0% used [0x23e50000, 0x23e50000, 0x24cb0000)
  from space 1792K,  99% used [0x24e70000, 0x2502fd98, 0x25030000)
  to   space 1792K,   0% used [0x24cb0000, 0x24cb0000, 0x24e70000)
 tenured generation   total 36524K, used 34834K [0x293a0000, 0x2b74b000, 0x33e50000)
   the space 36524K,  95% used [0x293a0000, 0x2b5a4828, 0x2b5a4a00, 0x2b74b000)
 compacting perm gen  total 12288K, used 6294K [0x33e50000, 0x34a50000, 0x37e50000)
   the space 12288K,  51% used [0x33e50000, 0x34475a58, 0x34475c00, 0x34a50000)
    ro space 10240K,  44% used [0x37e50000, 0x382c7808, 0x382c7a00, 0x38850000)
    rw space 12288K,  52% used [0x38850000, 0x38e9e610, 0x38e9e800, 0x39450000)
}
Event: 60.305 GC heap before
{Heap before GC invocations=17 (full 2):
 def new generation   total 16512K, used 6060K [0x23e50000, 0x25030000, 0x293a0000)
  eden space 14720K,  29% used [0x23e50000, 0x2427b368, 0x24cb0000)
  from space 1792K,  99% used [0x24e70000, 0x2502fd98, 0x25030000)
  to   space 1792K,   0% used [0x24cb0000, 0x24cb0000, 0x24e70000)
 tenured generation   total 36524K, used 34834K [0x293a0000, 0x2b74b000, 0x33e50000)
   the space 36524K,  95% used [0x293a0000, 0x2b5a4828, 0x2b5a4a00, 0x2b74b000)
 compacting perm gen  total 12288K, used 6294K [0x33e50000, 0x34a50000, 0x37e50000)
   the space 12288K,  51% used [0x33e50000, 0x34475a58, 0x34475c00, 0x34a50000)
    ro space 10240K,  44% used [0x37e50000, 0x382c7808, 0x382c7a00, 0x38850000)
    rw space 12288K,  52% used [0x38850000, 0x38e9e610, 0x38e9e800, 0x39450000)
Event: 60.352 GC heap after
Heap after GC invocations=18 (full 3):
 def new generation   total 29376K, used 1781K [0x23e50000, 0x25e30000, 0x293a0000)
  eden space 26112K,   6% used [0x23e50000, 0x2400d698, 0x257d0000)
  from space 3264K,   0% used [0x257d0000, 0x257d0000, 0x25b00000)
  to   space 3264K,   0% used [0x25b00000, 0x25b00000, 0x25e30000)
 tenured generation   total 65140K, used 39082K [0x293a0000, 0x2d33d000, 0x33e50000)
   the space 65140K,  59% used [0x293a0000, 0x2b9cab00, 0x2b9cac00, 0x2d33d000)
 compacting perm gen  total 12288K, used 6294K [0x33e50000, 0x34a50000, 0x37e50000)
   the space 12288K,  51% used [0x33e50000, 0x34475a58, 0x34475c00, 0x34a50000)
    ro space 10240K,  44% used [0x37e50000, 0x382c7808, 0x382c7a00, 0x38850000)
    rw space 12288K,  52% used [0x38850000, 0x38e9e610, 0x38e9e800, 0x39450000)
}
Event: 60.398 GC heap before
{Heap before GC invocations=18 (full 3):
 def new generation   total 29376K, used 26112K [0x23e50000, 0x25e30000, 0x293a0000)
  eden space 26112K, 100% used [0x23e50000, 0x257d0000, 0x257d0000)
  from space 3264K,   0% used [0x257d0000, 0x257d0000, 0x25b00000)
  to   space 3264K,   0% used [0x25b00000, 0x25b00000, 0x25e30000)
 tenured generation   total 97408K, used 71348K [0x293a0000, 0x2f2c0000, 0x33e50000)
   the space 97408K,  73% used [0x293a0000, 0x2d94d000, 0x2d94d000, 0x2f2c0000)
 compacting perm gen  total 12288K, used 6294K [0x33e50000, 0x34a50000, 0x37e50000)
   the space 12288K,  51% used [0x33e50000, 0x34475a58, 0x34475c00, 0x34a50000)
    ro space 10240K,  44% used [0x37e50000, 0x382c7808, 0x382c7a00, 0x38850000)
    rw space 12288K,  52% used [0x38850000, 0x38e9e610, 0x38e9e800, 0x39450000)
Event: 60.405 GC heap after
Heap after GC invocations=19 (full 3):
 def new generation   total 29376K, used 1781K [0x23e50000, 0x25e30000, 0x293a0000)
  eden space 26112K,   0% used [0x23e50000, 0x23e50000, 0x257d0000)
  from space 3264K,  54% used [0x25b00000, 0x25cbd7c0, 0x25e30000)
  to   space 3264K,   0% used [0x257d0000, 0x257d0000, 0x25b00000)
 tenured generation   total 97408K, used 71348K [0x293a0000, 0x2f2c0000, 0x33e50000)
   the space 97408K,  73% used [0x293a0000, 0x2d94d000, 0x2d94d000, 0x2f2c0000)
 compacting perm gen  total 12288K, used 6294K [0x33e50000, 0x34a50000, 0x37e50000)
   the space 12288K,  51% used [0x33e50000, 0x34475a58, 0x34475c00, 0x34a50000)
    ro space 10240K,  44% used [0x37e50000, 0x382c7808, 0x382c7a00, 0x38850000)
    rw space 12288K,  52% used [0x38850000, 0x38e9e610, 0x38e9e800, 0x39450000)
}
Event: 60.414 GC heap before
{Heap before GC invocations=19 (full 3):
 def new generation   total 29376K, used 10165K [0x23e50000, 0x25e30000, 0x293a0000)
  eden space 26112K,  32% used [0x23e50000, 0x2467fce8, 0x257d0000)
  from space 3264K,  54% used [0x25b00000, 0x25cbd7c0, 0x25e30000)
  to   space 3264K,   0% used [0x257d0000, 0x257d0000, 0x25b00000)
 tenured generation   total 97408K, used 71348K [0x293a0000, 0x2f2c0000, 0x33e50000)
   the space 97408K,  73% used [0x293a0000, 0x2d94d000, 0x2d94d000, 0x2f2c0000)
 compacting perm gen  total 12288K, used 6294K [0x33e50000, 0x34a50000, 0x37e50000)
   the space 12288K,  51% used [0x33e50000, 0x34475a58, 0x34475c00, 0x34a50000)
    ro space 10240K,  44% used [0x37e50000, 0x382c7808, 0x382c7a00, 0x38850000)
    rw space 12288K,  52% used [0x38850000, 0x38e9e610, 0x38e9e800, 0x39450000)
Event: 60.497 GC heap after
Heap after GC invocations=20 (full 4):
 def new generation   total 54144K, used 0K [0x23e50000, 0x27910000, 0x293a0000)
  eden space 48128K,   0% used [0x23e50000, 0x23e50000, 0x26d50000)
  from space 6016K,   0% used [0x26d50000, 0x26d50000, 0x27330000)
  to   space 6016K,   0% used [0x27330000, 0x27330000, 0x27910000)
 tenured generation   total 120284K, used 72168K [0x293a0000, 0x30917000, 0x33e50000)
   the space 120284K,  59% used [0x293a0000, 0x2da1a340, 0x2da1a400, 0x30917000)
 compacting perm gen  total 12288K, used 6282K [0x33e50000, 0x34a50000, 0x37e50000)
   the space 12288K,  51% used [0x33e50000, 0x34472bd8, 0x34472c00, 0x34a50000)
    ro space 10240K,  44% used [0x37e50000, 0x382c7808, 0x382c7a00, 0x38850000)
    rw space 12288K,  52% used [0x38850000, 0x38e9e610, 0x38e9e800, 0x39450000)
}

Deoptimization events (0 events):
No events

Internal exceptions (10 events):
Event: 51.241 Thread 0x044c7800 Threw 0x24108510 at C:\re\jdk7u45\229\hotspot\src\share\vm\prims\jvm.cpp:1244
Event: 51.241 Thread 0x044c7800 Threw 0x2410ba08 at C:\re\jdk7u45\229\hotspot\src\share\vm\prims\jvm.cpp:1244
Event: 51.259 Thread 0x044c7800 Threw 0x241163c0 at C:\re\jdk7u45\229\hotspot\src\share\vm\prims\jvm.cpp:1244
Event: 51.260 Thread 0x044c7800 Threw 0x2411c438 at C:\re\jdk7u45\229\hotspot\src\share\vm\prims\jvm.cpp:1244
Event: 51.260 Thread 0x044c7800 Threw 0x24120df0 at C:\re\jdk7u45\229\hotspot\src\share\vm\prims\jvm.cpp:1244
Event: 51.260 Thread 0x044c7800 Threw 0x241259c0 at C:\re\jdk7u45\229\hotspot\src\share\vm\prims\jvm.cpp:1244
Event: 51.269 Thread 0x044c7800 Threw 0x2416b070 at C:\re\jdk7u45\229\hotspot\src\share\vm\prims\jvm.cpp:1244
Event: 51.273 Thread 0x044c7800 Threw 0x24178ee8 at C:\re\jdk7u45\229\hotspot\src\share\vm\prims\jvm.cpp:1244
Event: 51.670 Thread 0x044c7800 Threw 0x2417d128 at C:\re\jdk7u45\229\hotspot\src\share\vm\prims\jvm.cpp:1244
Event: 60.509 Thread 0x044c7800 Threw 0x25dd2c80 at C:\re\jdk7u45\229\hotspot\src\share\vm\prims\jvm.cpp:1244

Events (10 events):
Event: 64.356 Executing VM operation: BulkRevokeBias done
Event: 65.572 Executing VM operation: RevokeBias
Event: 65.572 Executing VM operation: RevokeBias done
Event: 65.572 Thread 0x04622000 Thread exited: 0x04622000
Event: 198.012 Executing VM operation: RevokeBias
Event: 198.012 Executing VM operation: RevokeBias done
Event: 198.013 Executing VM operation: BulkRevokeBias
Event: 198.013 Executing VM operation: BulkRevokeBias done
Event: 198.026 Executing VM operation: BulkRevokeBias
Event: 198.027 Executing VM operation: BulkRevokeBias done


Dynamic libraries:
0x00f30000 - 0x00f5f000 	C:\Program Files\Java\jdk1.7.0_45\bin\java.exe
0x77a20000 - 0x77b5c000 	C:\Windows\SYSTEM32\ntdll.dll
0x77420000 - 0x774f4000 	C:\Windows\system32\kernel32.dll
0x75c30000 - 0x75c7b000 	C:\Windows\system32\KERNELBASE.dll
0x761a0000 - 0x76240000 	C:\Windows\system32\ADVAPI32.dll
0x77790000 - 0x7783c000 	C:\Windows\system32\msvcrt.dll
0x77b90000 - 0x77ba9000 	C:\Windows\SYSTEM32\sechost.dll
0x76420000 - 0x764c2000 	C:\Windows\system32\RPCRT4.dll
0x771d0000 - 0x77299000 	C:\Windows\system32\USER32.dll
0x760c0000 - 0x7610e000 	C:\Windows\system32\GDI32.dll
0x772f0000 - 0x772fa000 	C:\Windows\system32\LPK.dll
0x764d0000 - 0x7656d000 	C:\Windows\system32\USP10.dll
0x74a80000 - 0x74c1e000 	C:\Windows\WinSxS\x86_microsoft.windows.common-controls_6595b64144ccf1df_6.0.7601.17514_none_41e6975e2bd6f2b2\COMCTL32.dll
0x75fd0000 - 0x76027000 	C:\Windows\system32\SHLWAPI.dll
0x77b70000 - 0x77b8f000 	C:\Windows\system32\IMM32.DLL
0x776c0000 - 0x7778c000 	C:\Windows\system32\MSCTF.dll
0x59930000 - 0x599ef000 	C:\Program Files\Java\jdk1.7.0_45\jre\bin\msvcr100.dll
0x591b0000 - 0x59530000 	C:\Program Files\Java\jdk1.7.0_45\jre\bin\client\jvm.dll
0x719f0000 - 0x719f7000 	C:\Windows\system32\WSOCK32.dll
0x77840000 - 0x77875000 	C:\Windows\system32\WS2_32.dll
0x77b60000 - 0x77b66000 	C:\Windows\system32\NSI.dll
0x74040000 - 0x74072000 	C:\Windows\system32\WINMM.dll
0x77c40000 - 0x77c45000 	C:\Windows\system32\PSAPI.DLL
0x59920000 - 0x5992c000 	C:\Program Files\Java\jdk1.7.0_45\jre\bin\verify.dll
0x59900000 - 0x59920000 	C:\Program Files\Java\jdk1.7.0_45\jre\bin\java.dll
0x598e0000 - 0x598f3000 	C:\Program Files\Java\jdk1.7.0_45\jre\bin\zip.dll
0x59750000 - 0x59764000 	C:\Program Files\Java\jdk1.7.0_45\jre\bin\net.dll
0x10000000 - 0x1015e000 	C:\Windows\system32\mwtsp.dll
0x67340000 - 0x674e5000 	C:\Windows\system32\SPORDER.dll
0x75140000 - 0x75149000 	C:\Windows\system32\VERSION.dll
0x750e0000 - 0x75138000 	C:\Windows\system32\WINHTTP.dll
0x75090000 - 0x750df000 	C:\Windows\system32\webio.dll
0x76580000 - 0x771ca000 	C:\Windows\system32\SHELL32.dll
0x76240000 - 0x7639c000 	C:\Windows\system32\ole32.dll
0x75a80000 - 0x75a9b000 	C:\Windows\system32\SspiCli.dll
0x755f0000 - 0x7562c000 	C:\Windows\system32\mswsock.dll
0x755e0000 - 0x755e6000 	C:\Windows\System32\wship6.dll
0x60c60000 - 0x60c6f000 	C:\Program Files\Java\jdk1.7.0_45\jre\bin\nio.dll
0x59060000 - 0x591a3000 	C:\Program Files\Java\jdk1.7.0_45\jre\bin\awt.dll
0x76110000 - 0x7619f000 	C:\Windows\system32\OLEAUT32.dll
0x74840000 - 0x74880000 	C:\Windows\system32\uxtheme.dll
0x74550000 - 0x74563000 	C:\Windows\system32\dwmapi.dll
0x75b00000 - 0x75b0c000 	C:\Windows\system32\CRYPTBASE.dll
0x59710000 - 0x59748000 	C:\Program Files\Java\jdk1.7.0_45\jre\bin\fontmanager.dll
0x5e470000 - 0x5e495000 	C:\Program Files\Java\jdk1.7.0_45\jre\bin\jpeg.dll
0x76030000 - 0x760b3000 	C:\Windows\system32\CLBCatQ.DLL
0x743f0000 - 0x744eb000 	C:\Windows\system32\WindowsCodecs.dll
0x75ab0000 - 0x75afc000 	C:\Windows\system32\apphelp.dll
0x701b0000 - 0x70457000 	C:\Program Files\Adobe\Adobe Creative Cloud\CoreSync\CoreSync_v_1_1_0_x86.dll
0x70080000 - 0x700e9000 	C:\Windows\system32\MSVCP100.dll
0x75c80000 - 0x75da0000 	C:\Windows\system32\CRYPT32.dll
0x75c20000 - 0x75c2c000 	C:\Windows\system32\MSASN1.dll
0x73b10000 - 0x73b2c000 	C:\Windows\system32\IPHLPAPI.DLL
0x73b00000 - 0x73b07000 	C:\Windows\system32\WINNSI.DLL
0x75eb0000 - 0x75fcb000 	C:\Windows\system32\WININET.dll
0x76570000 - 0x76573000 	C:\Windows\system32\Normaliz.dll
0x77500000 - 0x776b8000 	C:\Windows\system32\iertutil.dll
0x77300000 - 0x77411000 	C:\Windows\system32\urlmon.dll
0x742b0000 - 0x742c1000 	C:\Windows\system32\NETAPI32.dll
0x742a0000 - 0x742a9000 	C:\Windows\system32\netutils.dll
0x758d0000 - 0x758e9000 	C:\Windows\system32\srvcli.dll
0x74290000 - 0x7429f000 	C:\Windows\system32\wkscli.dll
0x75210000 - 0x75227000 	C:\Windows\system32\USERENV.dll
0x75bb0000 - 0x75bbb000 	C:\Windows\system32\profapi.dll
0x71d30000 - 0x71d42000 	C:\Windows\system32\MPR.dll
0x704c0000 - 0x704d2000 	C:\Program Files\Common Files\TortoiseOverlays\TortoiseOverlays.dll
0x704b0000 - 0x704bd000 	C:\Program Files\TortoiseSVN\bin\TortoiseStub32.dll
0x70010000 - 0x7007c000 	C:\Program Files\TortoiseSVN\bin\TortoiseSVN32.dll
0x6fd30000 - 0x70010000 	C:\Program Files\TortoiseSVN\bin\libsvn_tsvn32.dll
0x70480000 - 0x704a4000 	C:\Program Files\TortoiseSVN\bin\libapr_tsvn32.dll
0x6fcf0000 - 0x6fd26000 	C:\Program Files\TortoiseSVN\bin\libaprutil_tsvn32.dll
0x772a0000 - 0x772e5000 	C:\Windows\system32\WLDAP32.dll
0x70470000 - 0x7047d000 	C:\Program Files\TortoiseSVN\bin\intl3_tsvn32.dll
0x6fcd0000 - 0x6fce3000 	C:\Program Files\TortoiseSVN\bin\libsasl32.dll
0x75a40000 - 0x75a48000 	C:\Windows\system32\Secur32.dll
0x6fc90000 - 0x6fcc1000 	C:\Windows\system32\EhStorShell.dll
0x77880000 - 0x77a1d000 	C:\Windows\system32\SETUPAPI.dll
0x75da0000 - 0x75dc7000 	C:\Windows\system32\CFGMGR32.dll
0x75e00000 - 0x75e12000 	C:\Windows\system32\DEVOBJ.dll
0x74910000 - 0x74a05000 	C:\Windows\system32\PROPSYS.dll
0x6fc00000 - 0x6fc8f000 	C:\Program Files\Google\Drive\googledrivesync32.dll
0x6fb70000 - 0x6fbfe000 	C:\Windows\WinSxS\x86_microsoft.vc90.crt_1fc8b3b9a1e18e3b_9.0.30729.6161_none_50934f2ebcb7eb57\MSVCP90.dll
0x71c30000 - 0x71cd3000 	C:\Windows\WinSxS\x86_microsoft.vc90.crt_1fc8b3b9a1e18e3b_9.0.30729.6161_none_50934f2ebcb7eb57\MSVCR90.dll
0x596e0000 - 0x59710000 	C:\Program Files\Java\jdk1.7.0_45\jre\bin\t2k.dll
0x5df00000 - 0x5df6e000 	C:\Users\damyant\.morena\twain_604000c.dll
0x61ff0000 - 0x61fff000 	C:\Windows\Twain_32.dll
0x75dd0000 - 0x75dfd000 	C:\Windows\system32\WINTRUST.dll
0x72dd0000 - 0x72def000 	C:\Windows\system32\wiadss.dll
0x75630000 - 0x75646000 	C:\Windows\system32\CRYPTSP.dll
0x753d0000 - 0x7540b000 	C:\Windows\system32\rsaenh.dll
0x75ba0000 - 0x75bae000 	C:\Windows\system32\RpcRtRemote.dll
0x72560000 - 0x72593000 	C:\Windows\System32\sti.dll
0x03fb0000 - 0x03fd4000 	C:\Program Files\Brother\BrUtilities\BrLogAPI.dll
0x5e200000 - 0x5e36b000 	C:\Windows\system32\BrWi211d.dll
0x72770000 - 0x727e4000 	C:\Windows\system32\wiaservc.dll
0x5ef50000 - 0x5efc9000 	C:\Windows\system32\mscms.dll
0x5ef10000 - 0x5ef48000 	C:\Windows\system32\icm32.dll
0x00ef0000 - 0x00f09000 	C:\Windows\Twain_32\BrSc11d\AD2100U\BrTwdFe.ds
0x04100000 - 0x0412e000 	C:\Windows\Twain_32\BrSc11d\Common\BrTwds.dll
0x00f10000 - 0x00f28000 	C:\Windows\Twain_32\BrSc11d\Common\BrScnDev.dll
0x04220000 - 0x04235000 	C:\Windows\Twain_32\BrSc11d\Common\BrStiIf.dll
0x065d0000 - 0x06742000 	C:\Windows\Twain_32\BrSc11d\Common\BrTwdScn.dll
0x049d0000 - 0x049f8000 	C:\Windows\Twain_32\BrSc11d\Common\BrTwdsUi.dll
0x047a0000 - 0x047bc000 	C:\Windows\Twain_32\BrSc11d\Lang\BrTwdUsa.dll
0x5e8f0000 - 0x5e9db000 	C:\Windows\system32\dbghelp.dll

VM Arguments:
java_command: com.scannerapp.apps.application.IMApplicationMain
Launcher Type: SUN_STANDARD

Environment Variables:
JAVA_HOME=C:\Program Files\Java\jdk1.7.0_45
PATH=C:\Windows\system32;C:\Windows;C:\Windows\System32\Wbem;C:\Windows\System32\WindowsPowerShell\v1.0\;C:\Program Files\TortoiseSVN\bin;C:\Program Files\Subversion\bin;C:\Program Files\Microsoft SQL Server\100\Tools\Binn\;C:\Program Files\Microsoft SQL Server\100\DTS\Binn\;C:\Program Files\Windows Kits\8.0\Windows Performance Toolkit\;D:\damyant\apache-tomcat-6.0.37\bin;C:\groovy-2.1.7\bin;C:\grails-1.3.7\bin;C:\Program Files\Autodesk\Backburner;D:\Spring Hibernate\apache-maven-3.1.1\bin;C:\Program Files\Java\jdk1.6.0_02\bin;C:\Program Files\Java\jdk1.6.0_02\bin;C:\Program Files\MySQL\MySQL Server 5.0\bin;
USERNAME=damyant
OS=Windows_NT
PROCESSOR_IDENTIFIER=x86 Family 6 Model 23 Stepping 10, GenuineIntel



---------------  S Y S T E M  ---------------

OS: Windows 7 Build 7601 Service Pack 1

CPU:total 2 (2 cores per cpu, 1 threads per core) family 6 model 23 stepping 10, cmov, cx8, fxsr, mmx, sse, sse2, sse3, ssse3, sse4.1, tsc

Memory: 4k page, physical 3659960k(763820k free), swap 7318168k(2969412k free)

vm_info: Java HotSpot(TM) Client VM (24.45-b08) for windows-x86 JRE (1.7.0_45-b18), built on Oct  8 2013 06:02:43 by "java_re" with unknown MS VC++:1600

time: Mon Mar 03 14:29:29 2014
elapsed time: 199 seconds

