#
# A fatal error has been detected by the Java Runtime Environment:
#
#  EXCEPTION_ACCESS_VIOLATION (0xc0000005) at pc=0x72646883, pid=5100, tid=6876
#
# JRE version: Java(TM) SE Runtime Environment (7.0_45-b18) (build 1.7.0_45-b18)
# Java VM: Java HotSpot(TM) Client VM (24.45-b08 mixed mode windows-x86 )
# Problematic frame:
# C  [Twain_32.dll+0x6883]
#
# Failed to write core dump. Minidumps are not enabled by default on client versions of Windows
#
# If you would like to submit a bug report, please visit:
#   http://bugreport.sun.com/bugreport/crash.jsp
# The crash happened outside the Java Virtual Machine in native code.
# See problematic frame for where to report the bug.
#

---------------  T H R E A D  ---------------

Current thread (0x18776800):  JavaThread "AWT-EventQueue-0" [_thread_in_native, id=6876, stack(0x18b80000,0x18bd0000)]

siginfo: ExceptionCode=0xc0000005, reading address 0x1a820f24

Registers:
EAX=0x00361e60, EBX=0x18d40164, ECX=0x1a820f24, EDX=0x1a693e78
ESP=0x18bcc14c, EBP=0x18bcc160, ESI=0x003c49a8, EDI=0x18bcca28
EIP=0x72646883, EFLAGS=0x00210206

Top of Stack: (sp=0x18bcc14c)
0x18bcc14c:   18bcca28 00000001 00000000 72646ddb
0x18bcc15c:   003c49a8 18bcc174 72646f92 18bcc18c
0x18bcc16c:   1a693f38 1a693e78 18bcc1a0 72648fcc
0x18bcc17c:   18bcc18c 18bcca40 18bcc1c0 141a9c38
0x18bcc18c:   1a693e78 1a693f38 00000001 06010002
0x18bcc19c:   18bcca28 18bcc1d4 6bc5e22a 1a693e78
0x18bcc1ac:   1a690000 00000001 00000002 00000601
0x18bcc1bc:   18bcca28 18bcc1fc cccccccc cccccccc 

Instructions: (pc=0x72646883)
0x72646863:   6a 02 58 66 89 81 c4 00 00 00 33 c0 40 eb 37 8b
0x72646873:   48 04 85 c9 74 1e 83 38 00 74 19 8b 56 04 8b 12
0x72646883:   8b 09 53 3b 0a 74 23 ff 15 84 10 64 72 53 ff 15
0x72646893:   a0 10 64 72 8b 15 28 c0 64 72 33 c0 40 8b c8 66 


Register to memory mapping:

EAX=0x00361e60 is an unknown value
EBX=0x18d40164 is an unknown value
ECX=0x1a820f24 is an unknown value
EDX=0x1a693e78 is an unknown value
ESP=0x18bcc14c is pointing into the stack for thread: 0x18776800
EBP=0x18bcc160 is pointing into the stack for thread: 0x18776800
ESI=0x003c49a8 is an unknown value
EDI=0x18bcca28 is pointing into the stack for thread: 0x18776800


Stack: [0x18b80000,0x18bd0000],  sp=0x18bcc14c,  free space=304k
Native frames: (J=compiled Java code, j=interpreted, Vv=VM code, C=native code)
C  [Twain_32.dll+0x6883]
C  [Twain_32.dll+0x6f92]
C  [Twain_32.dll+0x8fcc]
C  [twain_604000c.dll+0x2e22a]
C  [twain_604000c.dll+0x30793]
C  [twain_604000c.dll+0x30fc2]
C  [twain_604000c.dll+0x532c]
j  SK.gnome.twain.TwainSource.acquireImage(Z[Ljava/awt/image/ImageConsumer;)V+0
j  SK.gnome.twain.TwainSource.startProduction(Ljava/awt/image/ImageConsumer;)V+30
j  SK.gnome.morena.MorenaImage.<init>(Ljava/awt/image/ImageProducer;)V+17
j  com.scannerapp.apps.desktoprightpanel.scanner6.DocumentScanner.scanDocument(LSK/gnome/twain/TwainSource;I)V+29
j  com.scannerapp.apps.desktoprightpanel.view.ImportSaparationPanel.startDocumentScanning(Lcom/scannerapp/shared/NodeProperties;LSK/gnome/twain/TwainSource;)V+29
j  com.scannerapp.apps.desktoprightpanel.view.ImportSaparationPanel.importImageFromScanner(Lcom/scannerapp/apps/desktopleftpanel/view/CustomMutableTreeNode;)V+134
j  com.scannerapp.apps.desktoprightpanel.view.ImportSaparationPanel.actionPerformed(Ljava/awt/event/ActionEvent;)V+235
j  javax.swing.AbstractButton.fireActionPerformed(Ljava/awt/event/ActionEvent;)V+84
j  javax.swing.AbstractButton$Handler.actionPerformed(Ljava/awt/event/ActionEvent;)V+5
j  javax.swing.DefaultButtonModel.fireActionPerformed(Ljava/awt/event/ActionEvent;)V+35
j  javax.swing.DefaultButtonModel.setPressed(Z)V+117
j  javax.swing.plaf.basic.BasicButtonListener.mouseReleased(Ljava/awt/event/MouseEvent;)V+35
j  java.awt.AWTEventMulticaster.mouseReleased(Ljava/awt/event/MouseEvent;)V+8
j  java.awt.Component.processMouseEvent(Ljava/awt/event/MouseEvent;)V+64
j  javax.swing.JComponent.processMouseEvent(Ljava/awt/event/MouseEvent;)V+23
j  java.awt.Component.processEvent(Ljava/awt/AWTEvent;)V+81
j  java.awt.Container.processEvent(Ljava/awt/AWTEvent;)V+18
J  java.awt.Component.dispatchEventImpl(Ljava/awt/AWTEvent;)V
j  java.awt.LightweightDispatcher.dispatchEvent(Ljava/awt/AWTEvent;)Z+50
J  java.awt.Container.dispatchEventImpl(Ljava/awt/AWTEvent;)V
J  java.awt.EventQueue.dispatchEventImpl(Ljava/awt/AWTEvent;Ljava/lang/Object;)V
V  [jvm.dll+0x13f1fa]
V  [jvm.dll+0x202aee]
V  [jvm.dll+0x13f27d]
V  [jvm.dll+0xfa85a]
C  [java.dll+0x102f]
J  java.security.ProtectionDomain$1.doIntersectionPrivilege(Ljava/security/PrivilegedAction;Ljava/security/AccessControlContext;Ljava/security/AccessControlContext;)Ljava/lang/Object;
j  java.awt.EventQueue$4.run()Ljava/lang/Void;+11
j  java.awt.EventQueue$4.run()Ljava/lang/Object;+1
v  ~StubRoutines::call_stub
V  [jvm.dll+0x13f1fa]
V  [jvm.dll+0x202aee]
V  [jvm.dll+0x13f27d]
V  [jvm.dll+0xfa85a]
C  [java.dll+0x102f]
J  java.awt.EventQueue.dispatchEvent(Ljava/awt/AWTEvent;)V
j  java.awt.EventDispatchThread.pumpEventsForHierarchy(ILjava/awt/Conditional;Ljava/awt/Component;)V+11
j  java.awt.EventDispatchThread.pumpEvents(ILjava/awt/Conditional;)V+4
j  java.awt.EventDispatchThread.pumpEvents(Ljava/awt/Conditional;)V+3
j  java.awt.EventDispatchThread.run()V+9
v  ~StubRoutines::call_stub
V  [jvm.dll+0x13f1fa]
V  [jvm.dll+0x202aee]
V  [jvm.dll+0x13f3c5]
V  [jvm.dll+0x13f427]
V  [jvm.dll+0xeb81f]
V  [jvm.dll+0x16042c]
V  [jvm.dll+0x160e67]
V  [jvm.dll+0x1a49f9]
C  [msvcr100.dll+0x5c556]
C  [msvcr100.dll+0x5c600]
C  [kernel32.dll+0x4ed5c]
C  [ntdll.dll+0x637eb]
C  [ntdll.dll+0x637be]

Java frames: (J=compiled Java code, j=interpreted, Vv=VM code)
j  SK.gnome.twain.TwainSource.acquireImage(Z[Ljava/awt/image/ImageConsumer;)V+0
j  SK.gnome.twain.TwainSource.startProduction(Ljava/awt/image/ImageConsumer;)V+30
j  SK.gnome.morena.MorenaImage.<init>(Ljava/awt/image/ImageProducer;)V+17
j  com.scannerapp.apps.desktoprightpanel.scanner6.DocumentScanner.scanDocument(LSK/gnome/twain/TwainSource;I)V+29
j  com.scannerapp.apps.desktoprightpanel.view.ImportSaparationPanel.startDocumentScanning(Lcom/scannerapp/shared/NodeProperties;LSK/gnome/twain/TwainSource;)V+29
j  com.scannerapp.apps.desktoprightpanel.view.ImportSaparationPanel.importImageFromScanner(Lcom/scannerapp/apps/desktopleftpanel/view/CustomMutableTreeNode;)V+134
j  com.scannerapp.apps.desktoprightpanel.view.ImportSaparationPanel.actionPerformed(Ljava/awt/event/ActionEvent;)V+235
j  javax.swing.AbstractButton.fireActionPerformed(Ljava/awt/event/ActionEvent;)V+84
j  javax.swing.AbstractButton$Handler.actionPerformed(Ljava/awt/event/ActionEvent;)V+5
j  javax.swing.DefaultButtonModel.fireActionPerformed(Ljava/awt/event/ActionEvent;)V+35
j  javax.swing.DefaultButtonModel.setPressed(Z)V+117
j  javax.swing.plaf.basic.BasicButtonListener.mouseReleased(Ljava/awt/event/MouseEvent;)V+35
j  java.awt.AWTEventMulticaster.mouseReleased(Ljava/awt/event/MouseEvent;)V+8
j  java.awt.Component.processMouseEvent(Ljava/awt/event/MouseEvent;)V+64
j  javax.swing.JComponent.processMouseEvent(Ljava/awt/event/MouseEvent;)V+23
j  java.awt.Component.processEvent(Ljava/awt/AWTEvent;)V+81
j  java.awt.Container.processEvent(Ljava/awt/AWTEvent;)V+18
J  java.awt.Component.dispatchEventImpl(Ljava/awt/AWTEvent;)V
J  java.awt.Container.dispatchEventImpl(Ljava/awt/AWTEvent;)V
J  java.awt.LightweightDispatcher.retargetMouseEvent(Ljava/awt/Component;ILjava/awt/event/MouseEvent;)V
j  java.awt.LightweightDispatcher.processMouseEvent(Ljava/awt/event/MouseEvent;)Z+139
j  java.awt.LightweightDispatcher.dispatchEvent(Ljava/awt/AWTEvent;)Z+50
J  java.awt.Container.dispatchEventImpl(Ljava/awt/AWTEvent;)V
j  java.awt.Window.dispatchEventImpl(Ljava/awt/AWTEvent;)V+19
J  java.awt.EventQueue.dispatchEventImpl(Ljava/awt/AWTEvent;Ljava/lang/Object;)V
J  java.awt.EventQueue$3.run()Ljava/lang/Object;
v  ~StubRoutines::call_stub
J  java.security.AccessController.doPrivileged(Ljava/security/PrivilegedAction;Ljava/security/AccessControlContext;)Ljava/lang/Object;
J  java.security.ProtectionDomain$1.doIntersectionPrivilege(Ljava/security/PrivilegedAction;Ljava/security/AccessControlContext;Ljava/security/AccessControlContext;)Ljava/lang/Object;
j  java.security.ProtectionDomain$1.doIntersectionPrivilege(Ljava/security/PrivilegedAction;Ljava/security/AccessControlContext;)Ljava/lang/Object;+6
j  java.awt.EventQueue$4.run()Ljava/lang/Void;+11
j  java.awt.EventQueue$4.run()Ljava/lang/Object;+1
v  ~StubRoutines::call_stub
J  java.security.AccessController.doPrivileged(Ljava/security/PrivilegedAction;Ljava/security/AccessControlContext;)Ljava/lang/Object;
J  java.awt.EventQueue.dispatchEvent(Ljava/awt/AWTEvent;)V
J  java.awt.EventDispatchThread.pumpOneEventForFilters(I)V
j  java.awt.EventDispatchThread.pumpEventsForFilter(ILjava/awt/Conditional;Ljava/awt/EventFilter;)V+35
j  java.awt.EventDispatchThread.pumpEventsForHierarchy(ILjava/awt/Conditional;Ljava/awt/Component;)V+11
j  java.awt.EventDispatchThread.pumpEvents(ILjava/awt/Conditional;)V+4
j  java.awt.EventDispatchThread.pumpEvents(Ljava/awt/Conditional;)V+3
j  java.awt.EventDispatchThread.run()V+9
v  ~StubRoutines::call_stub

---------------  P R O C E S S  ---------------

Java Threads: ( => current thread )
  0x199bfc00 JavaThread "org.netbeans.modules.debugger.jpda.visual AWT Access Loop" daemon [_thread_blocked, id=4956, stack(0x18e80000,0x18ed0000)]
  0x014ad400 JavaThread "DestroyJavaVM" [_thread_blocked, id=7840, stack(0x011b0000,0x01200000)]
=>0x18776800 JavaThread "AWT-EventQueue-0" [_thread_in_native, id=6876, stack(0x18b80000,0x18bd0000)]
  0x1874a000 JavaThread "TimerQueue" daemon [_thread_blocked, id=8100, stack(0x18aa0000,0x18af0000)]
  0x184fa400 JavaThread "AWT-Windows" daemon [_thread_in_native, id=3636, stack(0x18960000,0x189b0000)]
  0x184f9400 JavaThread "AWT-Shutdown" [_thread_blocked, id=6540, stack(0x179e0000,0x17a30000)]
  0x184f7000 JavaThread "Java2D Disposer" daemon [_thread_blocked, id=5000, stack(0x188d0000,0x18920000)]
  0x175bd000 JavaThread "Service Thread" daemon [_thread_blocked, id=5796, stack(0x18290000,0x182e0000)]
  0x175c2400 JavaThread "C1 CompilerThread0" daemon [_thread_blocked, id=5472, stack(0x18350000,0x183a0000)]
  0x175ae000 JavaThread "JDWP Command Reader" daemon [_thread_in_native, id=6468, stack(0x181e0000,0x18230000)]
  0x175ad000 JavaThread "JDWP Event Helper Thread" daemon [_thread_blocked, id=4104, stack(0x17810000,0x17860000)]
  0x175ab000 JavaThread "JDWP Transport Listener: dt_socket" daemon [_thread_blocked, id=6124, stack(0x17ed0000,0x17f20000)]
  0x1759ec00 JavaThread "Attach Listener" daemon [_thread_blocked, id=1652, stack(0x17870000,0x178c0000)]
  0x1759b800 JavaThread "Signal Dispatcher" daemon [_thread_blocked, id=2796, stack(0x178f0000,0x17940000)]
  0x17568400 JavaThread "Finalizer" daemon [_thread_blocked, id=3772, stack(0x17a40000,0x17a90000)]
  0x17565c00 JavaThread "Reference Handler" daemon [_thread_blocked, id=5780, stack(0x17980000,0x179d0000)]

Other Threads:
  0x17564800 VMThread [stack: 0x177a0000,0x177f0000] [id=6000]
  0x175df800 WatcherThread [stack: 0x18470000,0x184c0000] [id=7052]

VM state:not at safepoint (normal execution)

VM Mutex/Monitor currently owned by a thread: None

Heap
 def new generation   total 54656K, used 17333K [0x034b0000, 0x06ff0000, 0x08a00000)
  eden space 48640K,  34% used [0x034b0000, 0x04531f80, 0x06430000)
  from space 6016K,   7% used [0x06a10000, 0x06a7b4b0, 0x06ff0000)
  to   space 6016K,   0% used [0x06430000, 0x06430000, 0x06a10000)
 tenured generation   total 121196K, used 104980K [0x08a00000, 0x1005b000, 0x134b0000)
   the space 121196K,  86% used [0x08a00000, 0x0f085298, 0x0f085400, 0x1005b000)
 compacting perm gen  total 14336K, used 14108K [0x134b0000, 0x142b0000, 0x174b0000)
   the space 14336K,  98% used [0x134b0000, 0x142771b8, 0x14277200, 0x142b0000)
No shared spaces configured.

Card table byte_map: [0x174b0000,0x17560000] byte_map_base: 0x17495a80

Polling page: 0x00120000

Code Cache  [0x014b0000, 0x016f0000, 0x034b0000)
 total_blobs=1201 nmethods=977 adapters=168 free_code_cache=30487Kb largest_free_block=31217728

Compilation events (10 events):
Event: 99.804 Thread 0x175c2400  992   !         javax.swing.RepaintManager::addDirtyRegion0 (205 bytes)
Event: 99.805 Thread 0x175c2400 nmethod 992 0x016e64c8 code [0x016e6680, 0x016e6e0c]
Event: 104.427 Thread 0x175c2400  993             org.apache.log4j.helpers.PatternConverter::spacePad (53 bytes)
Event: 104.428 Thread 0x175c2400 nmethod 993 0x016e72c8 code [0x016e7410, 0x016e78a8]
Event: 104.429 Thread 0x175c2400  994             org.apache.log4j.helpers.PatternConverter::format (127 bytes)
Event: 104.430 Thread 0x175c2400 nmethod 994 0x016e7bc8 code [0x016e7d70, 0x016e85ac]
Event: 104.432 Thread 0x175c2400  995             java.awt.Component::getNativeContainer (29 bytes)
Event: 104.433 Thread 0x175c2400 nmethod 995 0x016e8ac8 code [0x016e8bd0, 0x016e8cc0]
Event: 109.006 Thread 0x175c2400  996             sun.net.www.MessageHeader::mergeHeader (382 bytes)
Event: 109.008 Thread 0x175c2400 nmethod 996 0x016e8d48 code [0x016e8f30, 0x016e9abc]

GC Heap History (10 events):
Event: 49.695 GC heap before
{Heap before GC invocations=31 (full 1):
 def new generation   total 10240K, used 10238K [0x034b0000, 0x03fc0000, 0x08a00000)
  eden space 9152K,  99% used [0x034b0000, 0x03d9ff08, 0x03da0000)
  from space 1088K,  99% used [0x03eb0000, 0x03fbfa58, 0x03fc0000)
  to   space 1088K,   0% used [0x03da0000, 0x03da0000, 0x03eb0000)
 tenured generation   total 22584K, used 21498K [0x08a00000, 0x0a00e000, 0x134b0000)
   the space 22584K,  95% used [0x08a00000, 0x09efea80, 0x09efec00, 0x0a00e000)
 compacting perm gen  total 14080K, used 14075K [0x134b0000, 0x14270000, 0x174b0000)
   the space 14080K,  99% used [0x134b0000, 0x1426eeb8, 0x1426f000, 0x14270000)
No shared spaces configured.
Event: 49.745 GC heap after
Heap after GC invocations=32 (full 2):
 def new generation   total 23040K, used 1076K [0x034b0000, 0x04db0000, 0x08a00000)
  eden space 20480K,   5% used [0x034b0000, 0x035bd330, 0x048b0000)
  from space 2560K,   0% used [0x048b0000, 0x048b0000, 0x04b30000)
  to   space 2560K,   0% used [0x04b30000, 0x04b30000, 0x04db0000)
 tenured generation   total 51072K, used 30641K [0x08a00000, 0x0bbe0000, 0x134b0000)
   the space 51072K,  59% used [0x08a00000, 0x0a7ec670, 0x0a7ec800, 0x0bbe0000)
 compacting perm gen  total 14080K, used 14075K [0x134b0000, 0x14270000, 0x174b0000)
   the space 14080K,  99% used [0x134b0000, 0x1426eeb8, 0x1426f000, 0x14270000)
No shared spaces configured.
}
Event: 49.847 GC heap before
{Heap before GC invocations=32 (full 2):
 def new generation   total 23040K, used 10972K [0x034b0000, 0x04db0000, 0x08a00000)
  eden space 20480K,  53% used [0x034b0000, 0x03f67230, 0x048b0000)
  from space 2560K,   0% used [0x048b0000, 0x048b0000, 0x04b30000)
  to   space 2560K,   0% used [0x04b30000, 0x04b30000, 0x04db0000)
 tenured generation   total 51072K, used 30641K [0x08a00000, 0x0bbe0000, 0x134b0000)
   the space 51072K,  59% used [0x08a00000, 0x0a7ec670, 0x0a7ec800, 0x0bbe0000)
 compacting perm gen  total 14080K, used 14075K [0x134b0000, 0x14270000, 0x174b0000)
   the space 14080K,  99% used [0x134b0000, 0x1426eeb8, 0x1426f000, 0x14270000)
No shared spaces configured.
Event: 49.910 GC heap after
Heap after GC invocations=33 (full 3):
 def new generation   total 31232K, used 0K [0x034b0000, 0x05690000, 0x08a00000)
  eden space 27776K,   0% used [0x034b0000, 0x034b0000, 0x04fd0000)
  from space 3456K,   0% used [0x04fd0000, 0x04fd0000, 0x05330000)
  to   space 3456K,   0% used [0x05330000, 0x05330000, 0x05690000)
 tenured generation   total 69312K, used 41586K [0x08a00000, 0x0cdb0000, 0x134b0000)
   the space 69312K,  59% used [0x08a00000, 0x0b29c850, 0x0b29ca00, 0x0cdb0000)
 compacting perm gen  total 14080K, used 14075K [0x134b0000, 0x14270000, 0x174b0000)
   the space 14080K,  99% used [0x134b0000, 0x1426eeb8, 0x1426f000, 0x14270000)
No shared spaces configured.
}
Event: 49.964 GC heap before
{Heap before GC invocations=33 (full 3):
 def new generation   total 31232K, used 27776K [0x034b0000, 0x05690000, 0x08a00000)
  eden space 27776K, 100% used [0x034b0000, 0x04fd0000, 0x04fd0000)
  from space 3456K,   0% used [0x04fd0000, 0x04fd0000, 0x05330000)
  to   space 3456K,   0% used [0x05330000, 0x05330000, 0x05690000)
 tenured generation   total 101580K, used 73851K [0x08a00000, 0x0ed33000, 0x134b0000)
   the space 101580K,  72% used [0x08a00000, 0x0d21ed50, 0x0d21ee00, 0x0ed33000)
 compacting perm gen  total 14080K, used 14075K [0x134b0000, 0x14270000, 0x174b0000)
   the space 14080K,  99% used [0x134b0000, 0x1426eeb8, 0x1426f000, 0x14270000)
No shared spaces configured.
Event: 49.965 GC heap after
Heap after GC invocations=34 (full 3):
 def new generation   total 31232K, used 0K [0x034b0000, 0x05690000, 0x08a00000)
  eden space 27776K,   0% used [0x034b0000, 0x034b0000, 0x04fd0000)
  from space 3456K,   0% used [0x05330000, 0x05330128, 0x05690000)
  to   space 3456K,   0% used [0x04fd0000, 0x04fd0000, 0x05330000)
 tenured generation   total 101580K, used 73851K [0x08a00000, 0x0ed33000, 0x134b0000)
   the space 101580K,  72% used [0x08a00000, 0x0d21ed50, 0x0d21ee00, 0x0ed33000)
 compacting perm gen  total 14080K, used 14075K [0x134b0000, 0x14270000, 0x174b0000)
   the space 14080K,  99% used [0x134b0000, 0x1426eeb8, 0x1426f000, 0x14270000)
No shared spaces configured.
}
Event: 49.970 GC heap before
{Heap before GC invocations=34 (full 3):
 def new generation   total 31232K, used 5382K [0x034b0000, 0x05690000, 0x08a00000)
  eden space 27776K,  19% used [0x034b0000, 0x039f16e0, 0x04fd0000)
  from space 3456K,   0% used [0x05330000, 0x05330128, 0x05690000)
  to   space 3456K,   0% used [0x04fd0000, 0x04fd0000, 0x05330000)
 tenured generation   total 101580K, used 73851K [0x08a00000, 0x0ed33000, 0x134b0000)
   the space 101580K,  72% used [0x08a00000, 0x0d21ed50, 0x0d21ee00, 0x0ed33000)
 compacting perm gen  total 14080K, used 14075K [0x134b0000, 0x14270000, 0x174b0000)
   the space 14080K,  99% used [0x134b0000, 0x1426eeb8, 0x1426f000, 0x14270000)
No shared spaces configured.
Event: 50.057 GC heap after
Heap after GC invocations=35 (full 4):
 def new generation   total 54656K, used 0K [0x034b0000, 0x06ff0000, 0x08a00000)
  eden space 48640K,   0% used [0x034b0000, 0x034b0000, 0x06430000)
  from space 6016K,   0% used [0x06430000, 0x06430000, 0x06a10000)
  to   space 6016K,   0% used [0x06a10000, 0x06a10000, 0x06ff0000)
 tenured generation   total 121196K, used 72715K [0x08a00000, 0x1005b000, 0x134b0000)
   the space 121196K,  59% used [0x08a00000, 0x0d102d98, 0x0d102e00, 0x1005b000)
 compacting perm gen  total 14080K, used 14059K [0x134b0000, 0x14270000, 0x174b0000)
   the space 14080K,  99% used [0x134b0000, 0x1426afc8, 0x1426b000, 0x14270000)
No shared spaces configured.
}
Event: 98.515 GC heap before
{Heap before GC invocations=35 (full 4):
 def new generation   total 54656K, used 48640K [0x034b0000, 0x06ff0000, 0x08a00000)
  eden space 48640K, 100% used [0x034b0000, 0x06430000, 0x06430000)
  from space 6016K,   0% used [0x06430000, 0x06430000, 0x06a10000)
  to   space 6016K,   0% used [0x06a10000, 0x06a10000, 0x06ff0000)
 tenured generation   total 121196K, used 72715K [0x08a00000, 0x1005b000, 0x134b0000)
   the space 121196K,  59% used [0x08a00000, 0x0d102d98, 0x0d102e00, 0x1005b000)
 compacting perm gen  total 14336K, used 14108K [0x134b0000, 0x142b0000, 0x174b0000)
   the space 14336K,  98% used [0x134b0000, 0x14277198, 0x14277200, 0x142b0000)
No shared spaces configured.
Event: 98.559 GC heap after
Heap after GC invocations=36 (full 4):
 def new generation   total 54656K, used 429K [0x034b0000, 0x06ff0000, 0x08a00000)
  eden space 48640K,   0% used [0x034b0000, 0x034b0000, 0x06430000)
  from space 6016K,   7% used [0x06a10000, 0x06a7b4b0, 0x06ff0000)
  to   space 6016K,   0% used [0x06430000, 0x06430000, 0x06a10000)
 tenured generation   total 121196K, used 104980K [0x08a00000, 0x1005b000, 0x134b0000)
   the space 121196K,  86% used [0x08a00000, 0x0f085298, 0x0f085400, 0x1005b000)
 compacting perm gen  total 14336K, used 14108K [0x134b0000, 0x142b0000, 0x174b0000)
   the space 14336K,  98% used [0x134b0000, 0x14277198, 0x14277200, 0x142b0000)
No shared spaces configured.
}

Deoptimization events (0 events):
No events

Internal exceptions (10 events):
Event: 43.170 Thread 0x18776800 Threw 0x038567b0 at C:\re\jdk7u45\229\hotspot\src\share\vm\prims\jvm.cpp:1244
Event: 43.172 Thread 0x18776800 Threw 0x03861168 at C:\re\jdk7u45\229\hotspot\src\share\vm\prims\jvm.cpp:1244
Event: 43.172 Thread 0x18776800 Threw 0x038671c8 at C:\re\jdk7u45\229\hotspot\src\share\vm\prims\jvm.cpp:1244
Event: 43.173 Thread 0x18776800 Threw 0x0386bba0 at C:\re\jdk7u45\229\hotspot\src\share\vm\prims\jvm.cpp:1244
Event: 43.174 Thread 0x18776800 Threw 0x03870770 at C:\re\jdk7u45\229\hotspot\src\share\vm\prims\jvm.cpp:1244
Event: 43.191 Thread 0x18776800 Threw 0x038b5c98 at C:\re\jdk7u45\229\hotspot\src\share\vm\prims\jvm.cpp:1244
Event: 43.192 Thread 0x18776800 Threw 0x038baf90 at C:\re\jdk7u45\229\hotspot\src\share\vm\prims\jvm.cpp:1244
Event: 43.198 Thread 0x18776800 Threw 0x034b0990 at C:\re\jdk7u45\229\hotspot\src\share\vm\prims\jvm.cpp:1244
Event: 43.253 Thread 0x18776800 Threw 0x034b4bd0 at C:\re\jdk7u45\229\hotspot\src\share\vm\prims\jvm.cpp:1244
Event: 50.071 Thread 0x18776800 Threw 0x05432c80 at C:\re\jdk7u45\229\hotspot\src\share\vm\prims\jvm.cpp:1244

Events (10 events):
Event: 117.829 Executing VM operation: EnterInterpOnlyMode
Event: 117.829 Executing nested VM operation: Deoptimize
Event: 117.830 Executing nested VM operation: Deoptimize done
Event: 117.830 Executing VM operation: EnterInterpOnlyMode done
Event: 117.830 Executing VM operation: GetCurrentLocation
Event: 117.830 Executing VM operation: GetCurrentLocation done
Event: 117.830 Executing VM operation: ChangeSingleStep
Event: 117.830 Executing VM operation: ChangeSingleStep done
Event: 117.835 Executing VM operation: ChangeSingleStep
Event: 117.835 Executing VM operation: ChangeSingleStep done


Dynamic libraries:
0x012e0000 - 0x0130f000 	C:\Program Files\Java\jdk1.7.0_45\bin\java.exe
0x77410000 - 0x7754c000 	C:\Windows\SYSTEM32\ntdll.dll
0x76db0000 - 0x76e84000 	C:\Windows\system32\kernel32.dll
0x75650000 - 0x7569b000 	C:\Windows\system32\KERNELBASE.dll
0x76cb0000 - 0x76d50000 	C:\Windows\system32\ADVAPI32.dll
0x77200000 - 0x772ac000 	C:\Windows\system32\msvcrt.dll
0x76b30000 - 0x76b49000 	C:\Windows\SYSTEM32\sechost.dll
0x768d0000 - 0x76972000 	C:\Windows\system32\RPCRT4.dll
0x76a60000 - 0x76b29000 	C:\Windows\system32\USER32.dll
0x76880000 - 0x768ce000 	C:\Windows\system32\GDI32.dll
0x76e90000 - 0x76e9a000 	C:\Windows\system32\LPK.dll
0x76b50000 - 0x76bed000 	C:\Windows\system32\USP10.dll
0x74260000 - 0x743fe000 	C:\Windows\WinSxS\x86_microsoft.windows.common-controls_6595b64144ccf1df_6.0.7601.17514_none_41e6975e2bd6f2b2\COMCTL32.dll
0x76d50000 - 0x76da7000 	C:\Windows\system32\SHLWAPI.dll
0x77560000 - 0x7757f000 	C:\Windows\system32\IMM32.DLL
0x76990000 - 0x76a5c000 	C:\Windows\system32\MSCTF.dll
0x588f0000 - 0x589af000 	C:\Program Files\Java\jdk1.7.0_45\jre\bin\msvcr100.dll
0x582b0000 - 0x58630000 	C:\Program Files\Java\jdk1.7.0_45\jre\bin\client\jvm.dll
0x713e0000 - 0x713e7000 	C:\Windows\system32\WSOCK32.dll
0x77580000 - 0x775b5000 	C:\Windows\system32\WS2_32.dll
0x76980000 - 0x76986000 	C:\Windows\system32\NSI.dll
0x73a00000 - 0x73a32000 	C:\Windows\system32\WINMM.dll
0x758a0000 - 0x758a5000 	C:\Windows\system32\PSAPI.DLL
0x5e4c0000 - 0x5e4cc000 	C:\Program Files\Java\jdk1.7.0_45\jre\bin\verify.dll
0x5c1e0000 - 0x5c200000 	C:\Program Files\Java\jdk1.7.0_45\jre\bin\java.dll
0x6d890000 - 0x6d8ba000 	C:\Program Files\Java\jdk1.7.0_45\jre\bin\jdwp.dll
0x74240000 - 0x74247000 	C:\Program Files\Java\jdk1.7.0_45\jre\bin\npt.dll
0x5c630000 - 0x5c643000 	C:\Program Files\Java\jdk1.7.0_45\jre\bin\zip.dll
0x72190000 - 0x72198000 	C:\Program Files\Java\jdk1.7.0_45\jre\bin\dt_socket.dll
0x17d60000 - 0x17ebe000 	C:\Windows\system32\mwtsp.dll
0x67340000 - 0x674e5000 	C:\Windows\system32\SPORDER.dll
0x74b30000 - 0x74b39000 	C:\Windows\system32\VERSION.dll
0x74ad0000 - 0x74b28000 	C:\Windows\system32\WINHTTP.dll
0x74a80000 - 0x74acf000 	C:\Windows\system32\webio.dll
0x75c30000 - 0x7687a000 	C:\Windows\system32\SHELL32.dll
0x772b0000 - 0x7740c000 	C:\Windows\system32\ole32.dll
0x75480000 - 0x7549b000 	C:\Windows\system32\SspiCli.dll
0x74fe0000 - 0x7501c000 	C:\Windows\system32\mswsock.dll
0x74a60000 - 0x74a65000 	C:\Windows\System32\wshtcpip.dll
0x58890000 - 0x588a4000 	C:\Program Files\Java\jdk1.7.0_45\jre\bin\net.dll
0x74fd0000 - 0x74fd6000 	C:\Windows\System32\wship6.dll
0x66140000 - 0x6614f000 	C:\Program Files\Java\jdk1.7.0_45\jre\bin\nio.dll
0x58630000 - 0x58773000 	C:\Program Files\Java\jdk1.7.0_45\jre\bin\awt.dll
0x76bf0000 - 0x76c7f000 	C:\Windows\system32\OLEAUT32.dll
0x741e0000 - 0x74220000 	C:\Windows\system32\uxtheme.dll
0x73e60000 - 0x73e73000 	C:\Windows\system32\dwmapi.dll
0x754f0000 - 0x754fc000 	C:\Windows\system32\CRYPTBASE.dll
0x58090000 - 0x580c8000 	C:\Program Files\Java\jdk1.7.0_45\jre\bin\fontmanager.dll
0x6d950000 - 0x6d975000 	C:\Program Files\Java\jdk1.7.0_45\jre\bin\jpeg.dll
0x75ba0000 - 0x75c23000 	C:\Windows\system32\CLBCatQ.DLL
0x73af0000 - 0x73beb000 	C:\Windows\system32\WindowsCodecs.dll
0x754a0000 - 0x754ec000 	C:\Windows\system32\apphelp.dll
0x6fa10000 - 0x6fcb7000 	C:\Program Files\Adobe\Adobe Creative Cloud\CoreSync\CoreSync_v_1_1_0_x86.dll
0x6f8e0000 - 0x6f949000 	C:\Windows\system32\MSVCP100.dll
0x756f0000 - 0x75810000 	C:\Windows\system32\CRYPT32.dll
0x75610000 - 0x7561c000 	C:\Windows\system32\MSASN1.dll
0x739d0000 - 0x739ec000 	C:\Windows\system32\IPHLPAPI.DLL
0x739c0000 - 0x739c7000 	C:\Windows\system32\WINNSI.DLL
0x758b0000 - 0x759cb000 	C:\Windows\system32\WININET.dll
0x77550000 - 0x77553000 	C:\Windows\system32\Normaliz.dll
0x76ea0000 - 0x77058000 	C:\Windows\system32\iertutil.dll
0x759d0000 - 0x75ae1000 	C:\Windows\system32\urlmon.dll
0x736a0000 - 0x736b1000 	C:\Windows\system32\NETAPI32.dll
0x73690000 - 0x73699000 	C:\Windows\system32\netutils.dll
0x752d0000 - 0x752e9000 	C:\Windows\system32\srvcli.dll
0x73680000 - 0x7368f000 	C:\Windows\system32\wkscli.dll
0x74c00000 - 0x74c17000 	C:\Windows\system32\USERENV.dll
0x755a0000 - 0x755ab000 	C:\Windows\system32\profapi.dll
0x717c0000 - 0x717d2000 	C:\Windows\system32\MPR.dll
0x6f8c0000 - 0x6f8d2000 	C:\Program Files\Common Files\TortoiseOverlays\TortoiseOverlays.dll
0x6f8b0000 - 0x6f8bd000 	C:\Program Files\TortoiseSVN\bin\TortoiseStub32.dll
0x70520000 - 0x7058c000 	C:\Program Files\TortoiseSVN\bin\TortoiseSVN32.dll
0x6f5d0000 - 0x6f8b0000 	C:\Program Files\TortoiseSVN\bin\libsvn_tsvn32.dll
0x705e0000 - 0x70604000 	C:\Program Files\TortoiseSVN\bin\libapr_tsvn32.dll
0x705a0000 - 0x705d6000 	C:\Program Files\TortoiseSVN\bin\libaprutil_tsvn32.dll
0x75b50000 - 0x75b95000 	C:\Windows\system32\WLDAP32.dll
0x70590000 - 0x7059d000 	C:\Program Files\TortoiseSVN\bin\intl3_tsvn32.dll
0x70480000 - 0x70493000 	C:\Program Files\TortoiseSVN\bin\libsasl32.dll
0x75440000 - 0x75448000 	C:\Windows\system32\Secur32.dll
0x704e0000 - 0x70511000 	C:\Windows\system32\EhStorShell.dll
0x77060000 - 0x771fd000 	C:\Windows\system32\SETUPAPI.dll
0x756c0000 - 0x756e7000 	C:\Windows\system32\CFGMGR32.dll
0x756a0000 - 0x756b2000 	C:\Windows\system32\DEVOBJ.dll
0x74400000 - 0x744f5000 	C:\Windows\system32\PROPSYS.dll
0x703f0000 - 0x7047f000 	C:\Program Files\Google\Drive\googledrivesync32.dll
0x70360000 - 0x703ee000 	C:\Windows\WinSxS\x86_microsoft.vc90.crt_1fc8b3b9a1e18e3b_9.0.30729.6161_none_50934f2ebcb7eb57\MSVCP90.dll
0x716a0000 - 0x71743000 	C:\Windows\WinSxS\x86_microsoft.vc90.crt_1fc8b3b9a1e18e3b_9.0.30729.6161_none_50934f2ebcb7eb57\MSVCR90.dll
0x587b0000 - 0x587e0000 	C:\Program Files\Java\jdk1.7.0_45\jre\bin\t2k.dll
0x6bc30000 - 0x6bc9e000 	C:\Users\damyant\.morena\twain_604000c.dll
0x72640000 - 0x7264f000 	C:\Windows\Twain_32.dll
0x75620000 - 0x7564d000 	C:\Windows\system32\WINTRUST.dll
0x6d870000 - 0x6d88f000 	C:\Windows\system32\wiadss.dll
0x75020000 - 0x75036000 	C:\Windows\system32\CRYPTSP.dll
0x74dc0000 - 0x74dfb000 	C:\Windows\system32\rsaenh.dll
0x75590000 - 0x7559e000 	C:\Windows\system32\RpcRtRemote.dll
0x721d0000 - 0x72203000 	C:\Windows\System32\sti.dll
0x18140000 - 0x18164000 	C:\Program Files\Brother\BrUtilities\BrLogAPI.dll
0x6e2b0000 - 0x6e41b000 	C:\Windows\system32\BrWi211d.dll
0x67e80000 - 0x67ef4000 	C:\Windows\system32\wiaservc.dll
0x690b0000 - 0x69129000 	C:\Windows\system32\mscms.dll
0x58a00000 - 0x58a38000 	C:\Windows\system32\icm32.dll
0x17940000 - 0x17959000 	C:\Windows\Twain_32\BrSc11d\AD2100U\BrTwdFe.ds
0x18230000 - 0x1825e000 	C:\Windows\Twain_32\BrSc11d\Common\BrTwds.dll
0x17960000 - 0x17978000 	C:\Windows\Twain_32\BrSc11d\Common\BrScnDev.dll
0x17f70000 - 0x17f85000 	C:\Windows\Twain_32\BrSc11d\Common\BrStiIf.dll
0x1a920000 - 0x1aa92000 	C:\Windows\Twain_32\BrSc11d\Common\BrTwdScn.dll
0x18260000 - 0x18288000 	C:\Windows\Twain_32\BrSc11d\Common\BrTwdsUi.dll
0x182e0000 - 0x182fc000 	C:\Windows\Twain_32\BrSc11d\Lang\BrTwdUsa.dll
0x72510000 - 0x725fb000 	C:\Windows\system32\dbghelp.dll

VM Arguments:
jvm_args: -Xdebug -Xrunjdwp:transport=dt_socket,server=n,address=2943 
java_command: com.scannerapp.apps.application.IMApplicationMain
Launcher Type: SUN_STANDARD

Environment Variables:
JAVA_HOME=C:\Program Files\Java\jdk1.7.0_45
PATH=C:\Windows\system32;C:\Windows;C:\Windows\System32\Wbem;C:\Windows\System32\WindowsPowerShell\v1.0\;C:\Program Files\TortoiseSVN\bin;C:\Program Files\Subversion\bin;C:\Program Files\Microsoft SQL Server\100\Tools\Binn\;C:\Program Files\Microsoft SQL Server\100\DTS\Binn\;C:\Program Files\Windows Kits\8.0\Windows Performance Toolkit\;D:\damyant\apache-tomcat-6.0.37\bin;C:\groovy-2.1.7\bin;C:\grails-1.3.7\bin;C:\Program Files\Autodesk\Backburner;D:\Spring Hibernate\apache-maven-3.1.1\bin;C:\Program Files\Java\jdk1.6.0_02\bin;C:\Program Files\Java\jdk1.6.0_02\bin;C:\Program Files\MySQL\MySQL Server 5.0\bin;
USERNAME=damyant
OS=Windows_NT
PROCESSOR_IDENTIFIER=x86 Family 6 Model 23 Stepping 10, GenuineIntel



---------------  S Y S T E M  ---------------

OS: Windows 7 Build 7601 Service Pack 1

CPU:total 2 (2 cores per cpu, 1 threads per core) family 6 model 23 stepping 10, cmov, cx8, fxsr, mmx, sse, sse2, sse3, ssse3, sse4.1, tsc

Memory: 4k page, physical 3659960k(678032k free), swap 7318168k(3810200k free)

vm_info: Java HotSpot(TM) Client VM (24.45-b08) for windows-x86 JRE (1.7.0_45-b18), built on Oct  8 2013 06:02:43 by "java_re" with unknown MS VC++:1600

time: Tue Mar 04 11:29:07 2014
elapsed time: 118 seconds

