#
# A fatal error has been detected by the Java Runtime Environment:
#
#  EXCEPTION_ACCESS_VIOLATION (0xc0000005) at pc=0x4891179d, pid=7268, tid=5400
#
# JRE version: Java(TM) SE Runtime Environment (7.0_51-b13) (build 1.7.0_51-b13)
# Java VM: Java HotSpot(TM) Client VM (24.51-b03 mixed mode windows-x86 )
# Problematic frame:
# C  [BrLogAPI.dll+0x179d]
#
# Failed to write core dump. Minidumps are not enabled by default on client versions of Windows
#
# If you would like to submit a bug report, please visit:
#   http://bugreport.sun.com/bugreport/crash.jsp
# The crash happened outside the Java Virtual Machine in native code.
# See problematic frame for where to report the bug.
#

---------------  T H R E A D  ---------------

Current thread (0x48672800):  JavaThread "JDWP Transport Listener: dt_socket" daemon [_thread_in_native, id=5400, stack(0x48b40000,0x48b90000)]

siginfo: ExceptionCode=0xc0000005, reading address 0x00000004

Registers:
EAX=0x49e79820, EBX=0x49e73044, ECX=0x00000000, EDX=0x48b8dfec
ESP=0x48b8d7b4, EBP=0x48b8d7d8, ESI=0x00000000, EDI=0x00000000
EIP=0x4891179d, EFLAGS=0x00010202

Top of Stack: (sp=0x48b8d7b4)
0x48b8d7b4:   48b8e804 00000000 48b8f4d4 48830000
0x48b8d7c4:   4891127c 48b8dfec 48b8d7d8 75c0ccdb
0x48b8d7d4:   4891122c ffffffff 00040000 48b8d7ec
0x48b8d7e4:   00000001 48b8ec24 00650044 0065006c
0x48b8d7f4:   00650074 00430020 00770054 00730064
0x48b8d804:   0061004d 006e0069 00430020 0061006c
0x48b8d814:   00730073 0020002e 00300028 00340078
0x48b8d824:   00420038 00310032 00370032 00290038 

Instructions: (pc=0x4891179d)
0x4891177d:   45 00 ff ff ff ff 83 c3 04 8b 03 85 c0 74 46 8b
0x4891178d:   40 04 85 c0 74 48 83 7c 24 14 00 74 41 8b 48 08
0x4891179d:   8b 51 04 8b 74 02 0c 83 c6 08 74 32 56 ff 15 2c
0x489117ad:   70 92 48 50 8b 44 24 18 56 50 e8 89 94 00 00 83 


Register to memory mapping:

EAX=0x49e79820 is an unknown value
EBX=0x49e73044 is an unknown value
ECX=0x00000000 is an unknown value
EDX=0x48b8dfec is pointing into the stack for thread: 0x48672800
ESP=0x48b8d7b4 is pointing into the stack for thread: 0x48672800
EBP=0x48b8d7d8 is pointing into the stack for thread: 0x48672800
ESI=0x00000000 is an unknown value
EDI=0x00000000 is an unknown value


Stack: [0x48b40000,0x48b90000],  sp=0x48b8d7b4,  free space=309k
Native frames: (J=compiled Java code, j=interpreted, Vv=VM code, C=native code)
C  [BrLogAPI.dll+0x179d]


---------------  P R O C E S S  ---------------

Java Threads: ( => current thread )
  0x48ee5800 JavaThread "Thread-4" [_thread_blocked, id=5048, stack(0x49eb0000,0x49f00000)]
  0x4aaeb400 JavaThread "SwingWorker-pool-1-thread-1" daemon [_thread_blocked, id=7624, stack(0x49b60000,0x49bb0000)]
  0x0088d000 JavaThread "DestroyJavaVM" [_thread_blocked, id=2284, stack(0x009e0000,0x00a30000)]
  0x49078400 JavaThread "org.netbeans.modules.debugger.jpda.visual AWT Access Loop" daemon [_thread_blocked, id=3848, stack(0x49ac0000,0x49b10000)]
  0x4905d400 JavaThread "AWT-EventQueue-0" [_thread_in_native, id=5128, stack(0x48a50000,0x48aa0000)]
  0x49054800 JavaThread "TimerQueue" daemon [_thread_blocked, id=1676, stack(0x49700000,0x49750000)]
  0x48e0ec00 JavaThread "AWT-Windows" daemon [_thread_in_native, id=8116, stack(0x49690000,0x496e0000)]
  0x48e0d000 JavaThread "AWT-Shutdown" [_thread_blocked, id=6080, stack(0x48c40000,0x48c90000)]
  0x48e0b400 JavaThread "Java2D Disposer" daemon [_thread_blocked, id=5196, stack(0x49640000,0x49690000)]
  0x4868f000 JavaThread "Service Thread" daemon [_thread_blocked, id=4236, stack(0x48d60000,0x48db0000)]
  0x4868c000 JavaThread "C1 CompilerThread0" daemon [_thread_blocked, id=7412, stack(0x48cb0000,0x48d00000)]
  0x4867ac00 JavaThread "JDWP Event Helper Thread" daemon [_thread_blocked, id=6128, stack(0x48970000,0x489c0000)]
=>0x48672800 JavaThread "JDWP Transport Listener: dt_socket" daemon [_thread_in_native, id=5400, stack(0x48b40000,0x48b90000)]
  0x4866c800 JavaThread "Attach Listener" daemon [_thread_blocked, id=5084, stack(0x488c0000,0x48910000)]
  0x48669800 JavaThread "Signal Dispatcher" daemon [_thread_blocked, id=3384, stack(0x01b90000,0x01be0000)]
  0x4863bc00 JavaThread "Finalizer" daemon [_thread_blocked, id=4668, stack(0x48860000,0x488b0000)]
  0x48635c00 JavaThread "Reference Handler" daemon [_thread_blocked, id=5896, stack(0x01b40000,0x01b90000)]

Other Threads:
  0x48634000 VMThread [stack: 0x00910000,0x00960000] [id=3436]
  0x48691000 WatcherThread [stack: 0x48bd0000,0x48c20000] [id=8156]

VM state:not at safepoint (normal execution)

VM Mutex/Monitor currently owned by a thread: None

Heap
 def new generation   total 314560K, used 108794K [0x04400000, 0x19950000, 0x19950000)
  eden space 279616K,  26% used [0x04400000, 0x08c1ec10, 0x15510000)
  from space 34944K,  99% used [0x15510000, 0x1772fd78, 0x17730000)
  to   space 34944K,   0% used [0x17730000, 0x17730000, 0x19950000)
 tenured generation   total 699072K, used 238588K [0x19950000, 0x44400000, 0x44400000)
   the space 699072K,  34% used [0x19950000, 0x2824f080, 0x2824f200, 0x44400000)
 compacting perm gen  total 14592K, used 14384K [0x44400000, 0x45240000, 0x48400000)
   the space 14592K,  98% used [0x44400000, 0x4520c3e8, 0x4520c400, 0x45240000)
No shared spaces configured.

Card table byte_map: [0x48400000,0x48630000] byte_map_base: 0x483de000

Polling page: 0x00650000

Code Cache  [0x02400000, 0x02648000, 0x04400000)
 total_blobs=1194 nmethods=968 adapters=170 free_code_cache=30444Kb largest_free_block=31173504

Compilation events (10 events):
Event: 117.127 Thread 0x4868c000  983             java.awt.Component::getToolkitImpl (41 bytes)
Event: 117.128 Thread 0x4868c000 nmethod 983 0x02644408 code [0x02644530, 0x02644684]
Event: 117.128 Thread 0x4868c000  984             java.awt.Toolkit::notifyAWTEventListeners (36 bytes)
Event: 117.129 Thread 0x4868c000 nmethod 984 0x02644748 code [0x02644870, 0x026449b4]
Event: 117.141 Thread 0x4868c000  985             java.awt.Container::createHierarchyEvents (75 bytes)
Event: 117.142 Thread 0x4868c000 nmethod 985 0x02644ac8 code [0x02644c20, 0x02644e68]
Event: 152.785 Thread 0x4868c000  986             org.netbeans.modules.debugger.jpda.visual.remote.RemoteAWTService::access$000 (4 bytes)
Event: 152.785 Thread 0x4868c000 nmethod 986 0x02645108 code [0x02645200, 0x02645280]
Event: 152.786 Thread 0x4868c000  987             org.netbeans.modules.debugger.jpda.visual.remote.RemoteAWTService::access$100 (4 bytes)
Event: 152.786 Thread 0x4868c000 nmethod 987 0x026452c8 code [0x026453c0, 0x02645440]

GC Heap History (8 events):
Event: 68.699 GC heap before
{Heap before GC invocations=0 (full 0):
 def new generation   total 314560K, used 257334K [0x04400000, 0x19950000, 0x19950000)
  eden space 279616K,  92% used [0x04400000, 0x13f4d9d8, 0x15510000)
  from space 34944K,   0% used [0x15510000, 0x15510000, 0x17730000)
  to   space 34944K,   0% used [0x17730000, 0x17730000, 0x19950000)
 tenured generation   total 699072K, used 0K [0x19950000, 0x44400000, 0x44400000)
   the space 699072K,   0% used [0x19950000, 0x19950000, 0x19950200, 0x44400000)
 compacting perm gen  total 14080K, used 14074K [0x44400000, 0x451c0000, 0x48400000)
   the space 14080K,  99% used [0x44400000, 0x451be8a0, 0x451bea00, 0x451c0000)
No shared spaces configured.
Event: 68.816 GC heap after
Heap after GC invocations=1 (full 0):
 def new generation   total 314560K, used 34944K [0x04400000, 0x19950000, 0x19950000)
  eden space 279616K,   0% used [0x04400000, 0x04400000, 0x15510000)
  from space 34944K, 100% used [0x17730000, 0x19950000, 0x19950000)
  to   space 34944K,   0% used [0x15510000, 0x15510000, 0x17730000)
 tenured generation   total 699072K, used 11663K [0x19950000, 0x44400000, 0x44400000)
   the space 699072K,   1% used [0x19950000, 0x1a4b3fb8, 0x1a4b4000, 0x44400000)
 compacting perm gen  total 14080K, used 14074K [0x44400000, 0x451c0000, 0x48400000)
   the space 14080K,  99% used [0x44400000, 0x451be8a0, 0x451bea00, 0x451c0000)
No shared spaces configured.
}
Event: 74.877 GC heap before
{Heap before GC invocations=1 (full 0):
 def new generation   total 314560K, used 314560K [0x04400000, 0x19950000, 0x19950000)
  eden space 279616K, 100% used [0x04400000, 0x15510000, 0x15510000)
  from space 34944K, 100% used [0x17730000, 0x19950000, 0x19950000)
  to   space 34944K,   0% used [0x15510000, 0x15510000, 0x17730000)
 tenured generation   total 699072K, used 11663K [0x19950000, 0x44400000, 0x44400000)
   the space 699072K,   1% used [0x19950000, 0x1a4b3fb8, 0x1a4b4000, 0x44400000)
 compacting perm gen  total 14592K, used 14336K [0x44400000, 0x45240000, 0x48400000)
   the space 14592K,  98% used [0x44400000, 0x452000e0, 0x45200200, 0x45240000)
No shared spaces configured.
Event: 75.003 GC heap after
Heap after GC invocations=2 (full 0):
 def new generation   total 314560K, used 6931K [0x04400000, 0x19950000, 0x19950000)
  eden space 279616K,   0% used [0x04400000, 0x04400000, 0x15510000)
  from space 34944K,  19% used [0x15510000, 0x15bd4e80, 0x17730000)
  to   space 34944K,   0% used [0x17730000, 0x17730000, 0x19950000)
 tenured generation   total 699072K, used 81305K [0x19950000, 0x44400000, 0x44400000)
   the space 699072K,  11% used [0x19950000, 0x1e8b6718, 0x1e8b6800, 0x44400000)
 compacting perm gen  total 14592K, used 14336K [0x44400000, 0x45240000, 0x48400000)
   the space 14592K,  98% used [0x44400000, 0x452000e0, 0x45200200, 0x45240000)
No shared spaces configured.
}
Event: 86.919 GC heap before
{Heap before GC invocations=2 (full 0):
 def new generation   total 314560K, used 276772K [0x04400000, 0x19950000, 0x19950000)
  eden space 279616K,  96% used [0x04400000, 0x14b84218, 0x15510000)
  from space 34944K,  19% used [0x15510000, 0x15bd4e80, 0x17730000)
  to   space 34944K,   0% used [0x17730000, 0x17730000, 0x19950000)
 tenured generation   total 699072K, used 81305K [0x19950000, 0x44400000, 0x44400000)
   the space 699072K,  11% used [0x19950000, 0x1e8b6718, 0x1e8b6800, 0x44400000)
 compacting perm gen  total 14592K, used 14379K [0x44400000, 0x45240000, 0x48400000)
   the space 14592K,  98% used [0x44400000, 0x4520ad88, 0x4520ae00, 0x45240000)
No shared spaces configured.
Event: 86.992 GC heap after
Heap after GC invocations=3 (full 0):
 def new generation   total 314560K, used 34944K [0x04400000, 0x19950000, 0x19950000)
  eden space 279616K,   0% used [0x04400000, 0x04400000, 0x15510000)
  from space 34944K, 100% used [0x17730000, 0x19950000, 0x19950000)
  to   space 34944K,   0% used [0x15510000, 0x15510000, 0x17730000)
 tenured generation   total 699072K, used 104333K [0x19950000, 0x44400000, 0x44400000)
   the space 699072K,  14% used [0x19950000, 0x1ff33678, 0x1ff33800, 0x44400000)
 compacting perm gen  total 14592K, used 14379K [0x44400000, 0x45240000, 0x48400000)
   the space 14592K,  98% used [0x44400000, 0x4520ad88, 0x4520ae00, 0x45240000)
No shared spaces configured.
}
Event: 96.373 GC heap before
{Heap before GC invocations=3 (full 0):
 def new generation   total 314560K, used 306719K [0x04400000, 0x19950000, 0x19950000)
  eden space 279616K,  97% used [0x04400000, 0x14d67f80, 0x15510000)
  from space 34944K, 100% used [0x17730000, 0x19950000, 0x19950000)
  to   space 34944K,   0% used [0x15510000, 0x15510000, 0x17730000)
 tenured generation   total 699072K, used 104333K [0x19950000, 0x44400000, 0x44400000)
   the space 699072K,  14% used [0x19950000, 0x1ff33678, 0x1ff33800, 0x44400000)
 compacting perm gen  total 14592K, used 14379K [0x44400000, 0x45240000, 0x48400000)
   the space 14592K,  98% used [0x44400000, 0x4520adc8, 0x4520ae00, 0x45240000)
No shared spaces configured.
Event: 96.597 GC heap after
Heap after GC invocations=4 (full 0):
 def new generation   total 314560K, used 34943K [0x04400000, 0x19950000, 0x19950000)
  eden space 279616K,   0% used [0x04400000, 0x04400000, 0x15510000)
  from space 34944K,  99% used [0x15510000, 0x1772fd78, 0x17730000)
  to   space 34944K,   0% used [0x17730000, 0x17730000, 0x19950000)
 tenured generation   total 699072K, used 238588K [0x19950000, 0x44400000, 0x44400000)
   the space 699072K,  34% used [0x19950000, 0x2824f080, 0x2824f200, 0x44400000)
 compacting perm gen  total 14592K, used 14379K [0x44400000, 0x45240000, 0x48400000)
   the space 14592K,  98% used [0x44400000, 0x4520adc8, 0x4520ae00, 0x45240000)
No shared spaces configured.
}

Deoptimization events (0 events):
No events

Internal exceptions (10 events):
Event: 86.764 Thread 0x48ee5800 Threw 0x12beaa90 at C:\re\jdk7u51\527\hotspot\src\share\vm\prims\jvm.cpp:1244
Event: 86.766 Thread 0x48ee5800 Threw 0x12befc00 at C:\re\jdk7u51\527\hotspot\src\share\vm\prims\jvm.cpp:1244
Event: 86.769 Thread 0x48ee5800 Threw 0x12bf48d8 at C:\re\jdk7u51\527\hotspot\src\share\vm\prims\jvm.cpp:1244
Event: 86.771 Thread 0x48ee5800 Threw 0x12bf91a8 at C:\re\jdk7u51\527\hotspot\src\share\vm\prims\jvm.cpp:1244
Event: 86.773 Thread 0x48ee5800 Threw 0x12c00968 at C:\re\jdk7u51\527\hotspot\src\share\vm\prims\jvm.cpp:1244
Event: 86.776 Thread 0x48ee5800 Threw 0x12c09340 at C:\re\jdk7u51\527\hotspot\src\share\vm\prims\jvm.cpp:1244
Event: 86.779 Thread 0x48ee5800 Threw 0x12c0d500 at C:\re\jdk7u51\527\hotspot\src\share\vm\prims\jvm.cpp:1244
Event: 86.781 Thread 0x48ee5800 Threw 0x12c13920 at C:\re\jdk7u51\527\hotspot\src\share\vm\prims\jvm.cpp:1244
Event: 117.014 Thread 0x48ee5800 Threw 0x083227d0 at C:\re\jdk7u51\527\hotspot\src\share\vm\runtime\sharedRuntime.cpp:591
Event: 117.016 Thread 0x48ee5800 Threw 0x08325dc8 at C:\re\jdk7u51\527\hotspot\src\share\vm\prims\jvm.cpp:1244

Events (10 events):
Event: 117.129 Executing VM operation: RevokeBias
Event: 117.129 Executing VM operation: RevokeBias done
Event: 117.129 Executing VM operation: RevokeBias
Event: 117.129 Executing VM operation: RevokeBias done
Event: 117.129 Executing VM operation: RevokeBias
Event: 117.130 Executing VM operation: RevokeBias done
Event: 122.081 Executing VM operation: RevokeBias
Event: 122.081 Executing VM operation: RevokeBias done
Event: 122.081 Thread 0x49114000 Thread exited: 0x49114000
Event: 166.014 Thread 0x4867e000 Thread exited: 0x4867e000


Dynamic libraries:
0x00b60000 - 0x00b8f000 	C:\Program Files\Java\jdk1.7.0_51\bin\java.exe
0x77240000 - 0x77367000 	C:\Windows\system32\ntdll.dll
0x75bc0000 - 0x75c9c000 	C:\Windows\system32\kernel32.dll
0x77170000 - 0x77236000 	C:\Windows\system32\ADVAPI32.dll
0x75f30000 - 0x75ff3000 	C:\Windows\system32\RPCRT4.dll
0x773e0000 - 0x7747d000 	C:\Windows\system32\USER32.dll
0x761f0000 - 0x7623b000 	C:\Windows\system32\GDI32.dll
0x73e90000 - 0x7402e000 	C:\Windows\WinSxS\x86_microsoft.windows.common-controls_6595b64144ccf1df_6.0.6002.18305_none_5cb72f2a088b0ed3\COMCTL32.dll
0x75a80000 - 0x75b2a000 	C:\Windows\system32\msvcrt.dll
0x762c0000 - 0x76319000 	C:\Windows\system32\SHLWAPI.dll
0x77370000 - 0x7738e000 	C:\Windows\system32\IMM32.DLL
0x76010000 - 0x760d8000 	C:\Windows\system32\MSCTF.dll
0x77480000 - 0x77489000 	C:\Windows\system32\LPK.DLL
0x760e0000 - 0x7615d000 	C:\Windows\system32\USP10.dll
0x6c1b0000 - 0x6c1b5000 	C:\Windows\system32\avgrsstx.dll
0x6cbd0000 - 0x6cc8f000 	C:\Program Files\Java\jdk1.7.0_51\jre\bin\msvcr100.dll
0x68ee0000 - 0x69260000 	C:\Program Files\Java\jdk1.7.0_51\jre\bin\client\jvm.dll
0x6f270000 - 0x6f277000 	C:\Windows\system32\WSOCK32.dll
0x76e60000 - 0x76e8d000 	C:\Windows\system32\WS2_32.dll
0x76000000 - 0x76006000 	C:\Windows\system32\NSI.dll
0x729e0000 - 0x72a12000 	C:\Windows\system32\WINMM.dll
0x75ca0000 - 0x75de5000 	C:\Windows\system32\ole32.dll
0x76160000 - 0x761ed000 	C:\Windows\system32\OLEAUT32.dll
0x729a0000 - 0x729dd000 	C:\Windows\system32\OLEACC.dll
0x75850000 - 0x75857000 	C:\Windows\system32\PSAPI.DLL
0x72fd0000 - 0x72fdc000 	C:\Program Files\Java\jdk1.7.0_51\jre\bin\verify.dll
0x72960000 - 0x72980000 	C:\Program Files\Java\jdk1.7.0_51\jre\bin\java.dll
0x69df0000 - 0x69e1a000 	C:\Program Files\Java\jdk1.7.0_51\jre\bin\jdwp.dll
0x6d3f0000 - 0x6d3f7000 	C:\Program Files\Java\jdk1.7.0_51\jre\bin\npt.dll
0x72940000 - 0x72953000 	C:\Program Files\Java\jdk1.7.0_51\jre\bin\zip.dll
0x6bb10000 - 0x6bb18000 	C:\Program Files\Java\jdk1.7.0_51\jre\bin\dt_socket.dll
0x746b0000 - 0x746eb000 	C:\Windows\system32\mswsock.dll
0x74360000 - 0x74365000 	C:\Windows\System32\wshtcpip.dll
0x728e0000 - 0x728f4000 	C:\Program Files\Java\jdk1.7.0_51\jre\bin\net.dll
0x74720000 - 0x74725000 	C:\Windows\System32\wship6.dll
0x72af0000 - 0x72aff000 	C:\Program Files\Java\jdk1.7.0_51\jre\bin\nio.dll
0x68d90000 - 0x68ed3000 	C:\Program Files\Java\jdk1.7.0_51\jre\bin\awt.dll
0x74320000 - 0x7435f000 	C:\Windows\system32\uxtheme.dll
0x76320000 - 0x76e30000 	C:\Windows\system32\SHELL32.dll
0x6e790000 - 0x6e79c000 	C:\Windows\system32\DWMAPI.DLL
0x6ba90000 - 0x6bac9000 	C:\Program Files\Java\jdk1.7.0_51\jre\bin\fontmanager.dll
0x69dc0000 - 0x69de5000 	C:\Program Files\Java\jdk1.7.0_51\jre\bin\jpeg.dll
0x75b30000 - 0x75bb4000 	C:\Windows\system32\CLBCatQ.DLL
0x71270000 - 0x71364000 	C:\Windows\system32\WindowsCodecs.dll
0x75720000 - 0x7574c000 	C:\Windows\system32\apphelp.dll
0x6ceb0000 - 0x6cecf000 	C:\Windows\system32\EhStorShell.dll
0x72be0000 - 0x72c9b000 	C:\Windows\system32\PROPSYS.dll
0x6b6e0000 - 0x6b710000 	C:\Program Files\Java\jdk1.7.0_51\jre\bin\t2k.dll
0x689b0000 - 0x68a1e000 	C:\Users\Konstantinos\.morena\twain_604000c.dll
0x6b8e0000 - 0x6b8ef000 	C:\Windows\Twain_32.dll
0x757a0000 - 0x757be000 	C:\Windows\system32\USERENV.dll
0x75780000 - 0x75794000 	C:\Windows\system32\Secur32.dll
0x758f0000 - 0x75a7a000 	C:\Windows\system32\SETUPAPI.dll
0x73e60000 - 0x73e8d000 	C:\Windows\system32\WINTRUST.dll
0x749e0000 - 0x74ad2000 	C:\Windows\system32\CRYPT32.dll
0x74b40000 - 0x74b52000 	C:\Windows\system32\MSASN1.dll
0x76e30000 - 0x76e59000 	C:\Windows\system32\imagehlp.dll
0x6cc90000 - 0x6ccae000 	C:\Windows\system32\wiadss.dll
0x74460000 - 0x7449b000 	C:\Windows\system32\rsaenh.dll
0x6b930000 - 0x6b963000 	C:\Windows\System32\sti.dll
0x72ca0000 - 0x72e4b000 	C:\Windows\WinSxS\x86_microsoft.windows.gdiplus_6595b64144ccf1df_1.0.6002.18005_none_9e50b396ca17ae07\gdiplus.dll
0x6f1a0000 - 0x6f1a8000 	C:\Windows\System32\CFGMGR32.dll
0x48830000 - 0x48849000 	C:\Windows\Twain_32\BrSc11d\AD2100U\BrTwdFe.ds
0x743c0000 - 0x743c8000 	C:\Windows\system32\VERSION.dll
0x48910000 - 0x48934000 	C:\Program Files\Brother\BrUtilities\BrLogAPI.dll
0x48940000 - 0x4896e000 	C:\Windows\Twain_32\BrSc11d\Common\BrTwds.dll
0x48a30000 - 0x48a48000 	C:\Windows\Twain_32\BrSc11d\Common\BrScnDev.dll
0x48ae0000 - 0x48af5000 	C:\Windows\Twain_32\BrSc11d\Common\BrStiIf.dll
0x4b260000 - 0x4b3d2000 	C:\Windows\Twain_32\BrSc11d\Common\BrTwdScn.dll
0x48b90000 - 0x48bb8000 	C:\Windows\Twain_32\BrSc11d\Common\BrTwdsUi.dll
0x48c20000 - 0x48c3c000 	C:\Windows\Twain_32\BrSc11d\Lang\BrTwdEng.dll
0x695d0000 - 0x6973b000 	C:\Windows\system32\BrWi211d.dll
0x6eda0000 - 0x6ee11000 	C:\Windows\system32\wiaservc.dll
0x76240000 - 0x762b3000 	C:\Windows\system32\COMDLG32.dll
0x496e0000 - 0x496f0000 	C:\Windows\system32\BrUsi11d.dll
0x6f6c0000 - 0x6f702000 	C:\Windows\system32\WINSPOOL.DRV
0x6b710000 - 0x6b772000 	C:\Windows\system32\mscms.dll
0x6b2d0000 - 0x6b308000 	C:\Windows\system32\icm32.dll
0x6e270000 - 0x6e34c000 	C:\Windows\system32\dbghelp.dll

VM Arguments:
jvm_args: -Xdebug -Xrunjdwp:transport=dt_socket,server=n,address=64818 -Xms1024m -Xmx1024m 
java_command: com.scannerapp.apps.application.IMApplicationMain
Launcher Type: SUN_STANDARD

Environment Variables:
JAVA_HOME=C:\Program Files\Java\jdk1.7.0_51
PATH=C:\Program Files\Common Files\Microsoft Shared\Windows Live;C:\Windows\system32;C:\Windows;C:\Windows\System32\Wbem;C:\PROGRA~1\COMMON~1\ULEADS~1\MPEG;c:\Program Files\Microsoft SQL Server\90\Tools\binn\
USERNAME=Konstantinos
OS=Windows_NT
PROCESSOR_IDENTIFIER=x86 Family 6 Model 23 Stepping 10, GenuineIntel



---------------  S Y S T E M  ---------------

OS: Windows Vista Build 6002 Service Pack 2

CPU:total 2 (2 cores per cpu, 1 threads per core) family 6 model 23 stepping 10, cmov, cx8, fxsr, mmx, sse, sse2, sse3, ssse3, tsc

Memory: 4k page, physical 3009796k(561872k free), swap 6232884k(1969328k free)

vm_info: Java HotSpot(TM) Client VM (24.51-b03) for windows-x86 JRE (1.7.0_51-b13), built on Dec 18 2013 19:09:58 by "java_re" with unknown MS VC++:1600

time: Thu Mar 13 16:24:38 2014
elapsed time: 166 seconds

